This is pdfTeX, Version 3.141592653-2.6-1.40.25 (TeX Live 2023) (preloaded format=pdflatex 2023.5.14)  2 JUN 2024 21:20
entering extended mode
 restricted \write18 enabled.
 file:line:error style messages enabled.
 %&-line parsing enabled.
**02-Unconfoundedness.tex
(./02-Unconfoundedness.tex
LaTeX2e <2022-11-01> patch level 1
L3 programming layer <2023-02-22>
(/usr/local/texlive/2023/texmf-dist/tex/latex/beamer/beamer.cls
Document Class: beamer 2023/02/20 v3.69 A class for typesetting presentations
(/usr/local/texlive/2023/texmf-dist/tex/latex/beamer/beamerbasemodes.sty
(/usr/local/texlive/2023/texmf-dist/tex/latex/etoolbox/etoolbox.sty
Package: etoolbox 2020/10/05 v2.5k e-TeX tools for LaTeX (JAW)
\etb@tempcnta=\count185
)
\beamer@tempbox=\box51
\beamer@tempcount=\count186
\c@beamerpauses=\count187

(/usr/local/texlive/2023/texmf-dist/tex/latex/beamer/beamerbasedecode.sty
\beamer@slideinframe=\count188
\beamer@minimum=\count189
\beamer@decode@box=\box52
)
\beamer@commentbox=\box53
\beamer@modecount=\count190
)
(/usr/local/texlive/2023/texmf-dist/tex/generic/iftex/iftex.sty
Package: iftex 2022/02/03 v1.0f TeX engine tests
)
\headdp=\dimen140
\footheight=\dimen141
\sidebarheight=\dimen142
\beamer@tempdim=\dimen143
\beamer@finalheight=\dimen144
\beamer@animht=\dimen145
\beamer@animdp=\dimen146
\beamer@animwd=\dimen147
\beamer@leftmargin=\dimen148
\beamer@rightmargin=\dimen149
\beamer@leftsidebar=\dimen150
\beamer@rightsidebar=\dimen151
\beamer@boxsize=\dimen152
\beamer@vboxoffset=\dimen153
\beamer@descdefault=\dimen154
\beamer@descriptionwidth=\dimen155
\beamer@lastskip=\skip48
\beamer@areabox=\box54
\beamer@animcurrent=\box55
\beamer@animshowbox=\box56
\beamer@sectionbox=\box57
\beamer@logobox=\box58
\beamer@linebox=\box59
\beamer@sectioncount=\count191
\beamer@subsubsectionmax=\count192
\beamer@subsectionmax=\count193
\beamer@sectionmax=\count194
\beamer@totalheads=\count195
\beamer@headcounter=\count196
\beamer@partstartpage=\count197
\beamer@sectionstartpage=\count198
\beamer@subsectionstartpage=\count199
\beamer@animationtempa=\count266
\beamer@animationtempb=\count267
\beamer@xpos=\count268
\beamer@ypos=\count269
\beamer@ypos@offset=\count270
\beamer@showpartnumber=\count271
\beamer@currentsubsection=\count272
\beamer@coveringdepth=\count273
\beamer@sectionadjust=\count274
\beamer@toclastsection=\count275
\beamer@tocsectionnumber=\count276

(/usr/local/texlive/2023/texmf-dist/tex/latex/beamer/beamerbaseoptions.sty
(/usr/local/texlive/2023/texmf-dist/tex/latex/graphics/keyval.sty
Package: keyval 2022/05/29 v1.15 key=value parser (DPC)
\KV@toks@=\toks16
))
\beamer@paperwidth=\skip49
\beamer@paperheight=\skip50

(/usr/local/texlive/2023/texmf-dist/tex/latex/geometry/geometry.sty
Package: geometry 2020/01/02 v5.9 Page Geometry

(/usr/local/texlive/2023/texmf-dist/tex/generic/iftex/ifvtex.sty
Package: ifvtex 2019/10/25 v1.7 ifvtex legacy package. Use iftex instead.
)
\Gm@cnth=\count277
\Gm@cntv=\count278
\c@Gm@tempcnt=\count279
\Gm@bindingoffset=\dimen156
\Gm@wd@mp=\dimen157
\Gm@odd@mp=\dimen158
\Gm@even@mp=\dimen159
\Gm@layoutwidth=\dimen160
\Gm@layoutheight=\dimen161
\Gm@layouthoffset=\dimen162
\Gm@layoutvoffset=\dimen163
\Gm@dimlist=\toks17
)
(/usr/local/texlive/2023/texmf-dist/tex/latex/pgf/math/pgfmath.sty
(/usr/local/texlive/2023/texmf-dist/tex/latex/pgf/utilities/pgfrcs.sty
(/usr/local/texlive/2023/texmf-dist/tex/generic/pgf/utilities/pgfutil-common.te
x
\pgfutil@everybye=\toks18
\pgfutil@tempdima=\dimen164
\pgfutil@tempdimb=\dimen165
)
(/usr/local/texlive/2023/texmf-dist/tex/generic/pgf/utilities/pgfutil-latex.def
\pgfutil@abb=\box60
) (/usr/local/texlive/2023/texmf-dist/tex/generic/pgf/utilities/pgfrcs.code.tex
(/usr/local/texlive/2023/texmf-dist/tex/generic/pgf/pgf.revision.tex)
Package: pgfrcs 2023-01-15 v3.1.10 (3.1.10)
))
(/usr/local/texlive/2023/texmf-dist/tex/latex/pgf/utilities/pgfkeys.sty
(/usr/local/texlive/2023/texmf-dist/tex/generic/pgf/utilities/pgfkeys.code.tex
\pgfkeys@pathtoks=\toks19
\pgfkeys@temptoks=\toks20

(/usr/local/texlive/2023/texmf-dist/tex/generic/pgf/utilities/pgfkeyslibraryfil
tered.code.tex
\pgfkeys@tmptoks=\toks21
)))
(/usr/local/texlive/2023/texmf-dist/tex/generic/pgf/math/pgfmath.code.tex
(/usr/local/texlive/2023/texmf-dist/tex/generic/pgf/math/pgfmathutil.code.tex
\pgf@x=\dimen166
\pgf@xa=\dimen167
\pgf@xb=\dimen168
\pgf@xc=\dimen169
\pgf@y=\dimen170
\pgf@ya=\dimen171
\pgf@yb=\dimen172
\pgf@yc=\dimen173
\c@pgf@counta=\count280
\c@pgf@countb=\count281
\c@pgf@countc=\count282
\c@pgf@countd=\count283
)
(/usr/local/texlive/2023/texmf-dist/tex/generic/pgf/math/pgfmathparser.code.tex
\pgfmath@dimen=\dimen174
\pgfmath@count=\count284
\pgfmath@box=\box61
\pgfmath@toks=\toks22
\pgfmath@stack@operand=\toks23
\pgfmath@stack@operation=\toks24
)
(/usr/local/texlive/2023/texmf-dist/tex/generic/pgf/math/pgfmathfunctions.code.
tex)
(/usr/local/texlive/2023/texmf-dist/tex/generic/pgf/math/pgfmathfunctions.basic
.code.tex)
(/usr/local/texlive/2023/texmf-dist/tex/generic/pgf/math/pgfmathfunctions.trigo
nometric.code.tex)
(/usr/local/texlive/2023/texmf-dist/tex/generic/pgf/math/pgfmathfunctions.rando
m.code.tex)
(/usr/local/texlive/2023/texmf-dist/tex/generic/pgf/math/pgfmathfunctions.compa
rison.code.tex)
(/usr/local/texlive/2023/texmf-dist/tex/generic/pgf/math/pgfmathfunctions.base.
code.tex)
(/usr/local/texlive/2023/texmf-dist/tex/generic/pgf/math/pgfmathfunctions.round
.code.tex)
(/usr/local/texlive/2023/texmf-dist/tex/generic/pgf/math/pgfmathfunctions.misc.
code.tex)
(/usr/local/texlive/2023/texmf-dist/tex/generic/pgf/math/pgfmathfunctions.integ
erarithmetics.code.tex)
(/usr/local/texlive/2023/texmf-dist/tex/generic/pgf/math/pgfmathcalc.code.tex)
(/usr/local/texlive/2023/texmf-dist/tex/generic/pgf/math/pgfmathfloat.code.tex
\c@pgfmathroundto@lastzeros=\count285
))) (/usr/local/texlive/2023/texmf-dist/tex/latex/base/size11.clo
File: size11.clo 2022/07/02 v1.4n Standard LaTeX file (size option)
)
(/usr/local/texlive/2023/texmf-dist/tex/latex/pgf/basiclayer/pgfcore.sty
(/usr/local/texlive/2023/texmf-dist/tex/latex/graphics/graphicx.sty
Package: graphicx 2021/09/16 v1.2d Enhanced LaTeX Graphics (DPC,SPQR)

(/usr/local/texlive/2023/texmf-dist/tex/latex/graphics/graphics.sty
Package: graphics 2022/03/10 v1.4e Standard LaTeX Graphics (DPC,SPQR)

(/usr/local/texlive/2023/texmf-dist/tex/latex/graphics/trig.sty
Package: trig 2021/08/11 v1.11 sin cos tan (DPC)
)
(/usr/local/texlive/2023/texmf-dist/tex/latex/graphics-cfg/graphics.cfg
File: graphics.cfg 2016/06/04 v1.11 sample graphics configuration
)
Package graphics Info: Driver file: pdftex.def on input line 107.

(/usr/local/texlive/2023/texmf-dist/tex/latex/graphics-def/pdftex.def
File: pdftex.def 2022/09/22 v1.2b Graphics/color driver for pdftex
))
\Gin@req@height=\dimen175
\Gin@req@width=\dimen176
)
(/usr/local/texlive/2023/texmf-dist/tex/latex/pgf/systemlayer/pgfsys.sty
(/usr/local/texlive/2023/texmf-dist/tex/generic/pgf/systemlayer/pgfsys.code.tex
Package: pgfsys 2023-01-15 v3.1.10 (3.1.10)
\pgf@x=\dimen177
\pgf@y=\dimen178
\pgf@xa=\dimen179
\pgf@ya=\dimen180
\pgf@xb=\dimen181
\pgf@yb=\dimen182
\pgf@xc=\dimen183
\pgf@yc=\dimen184
\pgf@xd=\dimen185
\pgf@yd=\dimen186
\w@pgf@writea=\write3
\r@pgf@reada=\read2
\c@pgf@counta=\count286
\c@pgf@countb=\count287
\c@pgf@countc=\count288
\c@pgf@countd=\count289
\t@pgf@toka=\toks25
\t@pgf@tokb=\toks26
\t@pgf@tokc=\toks27
\pgf@sys@id@count=\count290
(/usr/local/texlive/2023/texmf-dist/tex/generic/pgf/systemlayer/pgf.cfg
File: pgf.cfg 2023-01-15 v3.1.10 (3.1.10)
)
Driver file for pgf: pgfsys-pdftex.def

(/usr/local/texlive/2023/texmf-dist/tex/generic/pgf/systemlayer/pgfsys-pdftex.d
ef
File: pgfsys-pdftex.def 2023-01-15 v3.1.10 (3.1.10)

(/usr/local/texlive/2023/texmf-dist/tex/generic/pgf/systemlayer/pgfsys-common-p
df.def
File: pgfsys-common-pdf.def 2023-01-15 v3.1.10 (3.1.10)
)))
(/usr/local/texlive/2023/texmf-dist/tex/generic/pgf/systemlayer/pgfsyssoftpath.
code.tex
File: pgfsyssoftpath.code.tex 2023-01-15 v3.1.10 (3.1.10)
\pgfsyssoftpath@smallbuffer@items=\count291
\pgfsyssoftpath@bigbuffer@items=\count292
)
(/usr/local/texlive/2023/texmf-dist/tex/generic/pgf/systemlayer/pgfsysprotocol.
code.tex
File: pgfsysprotocol.code.tex 2023-01-15 v3.1.10 (3.1.10)
)) (/usr/local/texlive/2023/texmf-dist/tex/latex/xcolor/xcolor.sty
Package: xcolor 2022/06/12 v2.14 LaTeX color extensions (UK)

(/usr/local/texlive/2023/texmf-dist/tex/latex/graphics-cfg/color.cfg
File: color.cfg 2016/01/02 v1.6 sample color configuration
)
Package xcolor Info: Driver file: pdftex.def on input line 227.

(/usr/local/texlive/2023/texmf-dist/tex/latex/graphics/mathcolor.ltx)
Package xcolor Info: Model `cmy' substituted by `cmy0' on input line 1353.
Package xcolor Info: Model `hsb' substituted by `rgb' on input line 1357.
Package xcolor Info: Model `RGB' extended on input line 1369.
Package xcolor Info: Model `HTML' substituted by `rgb' on input line 1371.
Package xcolor Info: Model `Hsb' substituted by `hsb' on input line 1372.
Package xcolor Info: Model `tHsb' substituted by `hsb' on input line 1373.
Package xcolor Info: Model `HSB' substituted by `hsb' on input line 1374.
Package xcolor Info: Model `Gray' substituted by `gray' on input line 1375.
Package xcolor Info: Model `wave' substituted by `hsb' on input line 1376.
)
(/usr/local/texlive/2023/texmf-dist/tex/generic/pgf/basiclayer/pgfcore.code.tex
Package: pgfcore 2023-01-15 v3.1.10 (3.1.10)
(/usr/local/texlive/2023/texmf-dist/tex/generic/pgf/math/pgfint.code.tex)
(/usr/local/texlive/2023/texmf-dist/tex/generic/pgf/basiclayer/pgfcorepoints.co
de.tex
File: pgfcorepoints.code.tex 2023-01-15 v3.1.10 (3.1.10)
\pgf@picminx=\dimen187
\pgf@picmaxx=\dimen188
\pgf@picminy=\dimen189
\pgf@picmaxy=\dimen190
\pgf@pathminx=\dimen191
\pgf@pathmaxx=\dimen192
\pgf@pathminy=\dimen193
\pgf@pathmaxy=\dimen194
\pgf@xx=\dimen195
\pgf@xy=\dimen196
\pgf@yx=\dimen197
\pgf@yy=\dimen198
\pgf@zx=\dimen199
\pgf@zy=\dimen256
)
(/usr/local/texlive/2023/texmf-dist/tex/generic/pgf/basiclayer/pgfcorepathconst
ruct.code.tex
File: pgfcorepathconstruct.code.tex 2023-01-15 v3.1.10 (3.1.10)
\pgf@path@lastx=\dimen257
\pgf@path@lasty=\dimen258
)
(/usr/local/texlive/2023/texmf-dist/tex/generic/pgf/basiclayer/pgfcorepathusage
.code.tex
File: pgfcorepathusage.code.tex 2023-01-15 v3.1.10 (3.1.10)
\pgf@shorten@end@additional=\dimen259
\pgf@shorten@start@additional=\dimen260
)
(/usr/local/texlive/2023/texmf-dist/tex/generic/pgf/basiclayer/pgfcorescopes.co
de.tex
File: pgfcorescopes.code.tex 2023-01-15 v3.1.10 (3.1.10)
\pgfpic=\box62
\pgf@hbox=\box63
\pgf@layerbox@main=\box64
\pgf@picture@serial@count=\count293
)
(/usr/local/texlive/2023/texmf-dist/tex/generic/pgf/basiclayer/pgfcoregraphicst
ate.code.tex
File: pgfcoregraphicstate.code.tex 2023-01-15 v3.1.10 (3.1.10)
\pgflinewidth=\dimen261
)
(/usr/local/texlive/2023/texmf-dist/tex/generic/pgf/basiclayer/pgfcoretransform
ations.code.tex
File: pgfcoretransformations.code.tex 2023-01-15 v3.1.10 (3.1.10)
\pgf@pt@x=\dimen262
\pgf@pt@y=\dimen263
\pgf@pt@temp=\dimen264
)
(/usr/local/texlive/2023/texmf-dist/tex/generic/pgf/basiclayer/pgfcorequick.cod
e.tex
File: pgfcorequick.code.tex 2023-01-15 v3.1.10 (3.1.10)
)
(/usr/local/texlive/2023/texmf-dist/tex/generic/pgf/basiclayer/pgfcoreobjects.c
ode.tex
File: pgfcoreobjects.code.tex 2023-01-15 v3.1.10 (3.1.10)
)
(/usr/local/texlive/2023/texmf-dist/tex/generic/pgf/basiclayer/pgfcorepathproce
ssing.code.tex
File: pgfcorepathprocessing.code.tex 2023-01-15 v3.1.10 (3.1.10)
)
(/usr/local/texlive/2023/texmf-dist/tex/generic/pgf/basiclayer/pgfcorearrows.co
de.tex
File: pgfcorearrows.code.tex 2023-01-15 v3.1.10 (3.1.10)
\pgfarrowsep=\dimen265
)
(/usr/local/texlive/2023/texmf-dist/tex/generic/pgf/basiclayer/pgfcoreshade.cod
e.tex
File: pgfcoreshade.code.tex 2023-01-15 v3.1.10 (3.1.10)
\pgf@max=\dimen266
\pgf@sys@shading@range@num=\count294
\pgf@shadingcount=\count295
)
(/usr/local/texlive/2023/texmf-dist/tex/generic/pgf/basiclayer/pgfcoreimage.cod
e.tex
File: pgfcoreimage.code.tex 2023-01-15 v3.1.10 (3.1.10)
)
(/usr/local/texlive/2023/texmf-dist/tex/generic/pgf/basiclayer/pgfcoreexternal.
code.tex
File: pgfcoreexternal.code.tex 2023-01-15 v3.1.10 (3.1.10)
\pgfexternal@startupbox=\box65
)
(/usr/local/texlive/2023/texmf-dist/tex/generic/pgf/basiclayer/pgfcorelayers.co
de.tex
File: pgfcorelayers.code.tex 2023-01-15 v3.1.10 (3.1.10)
)
(/usr/local/texlive/2023/texmf-dist/tex/generic/pgf/basiclayer/pgfcoretranspare
ncy.code.tex
File: pgfcoretransparency.code.tex 2023-01-15 v3.1.10 (3.1.10)
)
(/usr/local/texlive/2023/texmf-dist/tex/generic/pgf/basiclayer/pgfcorepatterns.
code.tex
File: pgfcorepatterns.code.tex 2023-01-15 v3.1.10 (3.1.10)
)
(/usr/local/texlive/2023/texmf-dist/tex/generic/pgf/basiclayer/pgfcorerdf.code.
tex
File: pgfcorerdf.code.tex 2023-01-15 v3.1.10 (3.1.10)
))) (/usr/local/texlive/2023/texmf-dist/tex/latex/pgf/utilities/xxcolor.sty
Package: xxcolor 2003/10/24 ver 0.1
\XC@nummixins=\count296
\XC@countmixins=\count297
) (/usr/local/texlive/2023/texmf-dist/tex/latex/base/atbegshi-ltx.sty
Package: atbegshi-ltx 2021/01/10 v1.0c Emulation of the original atbegshi
package with kernel methods
)
(/usr/local/texlive/2023/texmf-dist/tex/latex/hyperref/hyperref.sty
Package: hyperref 2023-02-07 v7.00v Hypertext links for LaTeX

(/usr/local/texlive/2023/texmf-dist/tex/generic/ltxcmds/ltxcmds.sty
Package: ltxcmds 2020-05-10 v1.25 LaTeX kernel commands for general use (HO)
)
(/usr/local/texlive/2023/texmf-dist/tex/generic/pdftexcmds/pdftexcmds.sty
Package: pdftexcmds 2020-06-27 v0.33 Utility functions of pdfTeX for LuaTeX (HO
)

(/usr/local/texlive/2023/texmf-dist/tex/generic/infwarerr/infwarerr.sty
Package: infwarerr 2019/12/03 v1.5 Providing info/warning/error messages (HO)
)
Package pdftexcmds Info: \pdf@primitive is available.
Package pdftexcmds Info: \pdf@ifprimitive is available.
Package pdftexcmds Info: \pdfdraftmode found.
)
(/usr/local/texlive/2023/texmf-dist/tex/latex/kvsetkeys/kvsetkeys.sty
Package: kvsetkeys 2022-10-05 v1.19 Key value parser (HO)
)
(/usr/local/texlive/2023/texmf-dist/tex/generic/kvdefinekeys/kvdefinekeys.sty
Package: kvdefinekeys 2019-12-19 v1.6 Define keys (HO)
)
(/usr/local/texlive/2023/texmf-dist/tex/generic/pdfescape/pdfescape.sty
Package: pdfescape 2019/12/09 v1.15 Implements pdfTeX's escape features (HO)
)
(/usr/local/texlive/2023/texmf-dist/tex/latex/hycolor/hycolor.sty
Package: hycolor 2020-01-27 v1.10 Color options for hyperref/bookmark (HO)
)
(/usr/local/texlive/2023/texmf-dist/tex/latex/letltxmacro/letltxmacro.sty
Package: letltxmacro 2019/12/03 v1.6 Let assignment for LaTeX macros (HO)
)
(/usr/local/texlive/2023/texmf-dist/tex/latex/auxhook/auxhook.sty
Package: auxhook 2019-12-17 v1.6 Hooks for auxiliary files (HO)
)
(/usr/local/texlive/2023/texmf-dist/tex/latex/hyperref/nameref.sty
Package: nameref 2022-05-17 v2.50 Cross-referencing by name of section

(/usr/local/texlive/2023/texmf-dist/tex/latex/refcount/refcount.sty
Package: refcount 2019/12/15 v3.6 Data extraction from label references (HO)
)
(/usr/local/texlive/2023/texmf-dist/tex/generic/gettitlestring/gettitlestring.s
ty
Package: gettitlestring 2019/12/15 v1.6 Cleanup title references (HO)
 (/usr/local/texlive/2023/texmf-dist/tex/latex/kvoptions/kvoptions.sty
Package: kvoptions 2022-06-15 v3.15 Key value format for package options (HO)
))
\c@section@level=\count298
)
\@linkdim=\dimen267
\Hy@linkcounter=\count299
\Hy@pagecounter=\count300

(/usr/local/texlive/2023/texmf-dist/tex/latex/hyperref/pd1enc.def
File: pd1enc.def 2023-02-07 v7.00v Hyperref: PDFDocEncoding definition (HO)
Now handling font encoding PD1 ...
... no UTF-8 mapping file for font encoding PD1
)
(/usr/local/texlive/2023/texmf-dist/tex/generic/intcalc/intcalc.sty
Package: intcalc 2019/12/15 v1.3 Expandable calculations with integers (HO)
)
(/usr/local/texlive/2023/texmf-dist/tex/generic/etexcmds/etexcmds.sty
Package: etexcmds 2019/12/15 v1.7 Avoid name clashes with e-TeX commands (HO)
)
\Hy@SavedSpaceFactor=\count301

(/usr/local/texlive/2023/texmf-dist/tex/latex/hyperref/puenc.def
File: puenc.def 2023-02-07 v7.00v Hyperref: PDF Unicode definition (HO)
Now handling font encoding PU ...
... no UTF-8 mapping file for font encoding PU
)
Package hyperref Info: Option `bookmarks' set `true' on input line 4060.
Package hyperref Info: Option `bookmarksopen' set `true' on input line 4060.
Package hyperref Info: Option `implicit' set `false' on input line 4060.
Package hyperref Info: Hyper figures OFF on input line 4177.
Package hyperref Info: Link nesting OFF on input line 4182.
Package hyperref Info: Hyper index ON on input line 4185.
Package hyperref Info: Plain pages OFF on input line 4192.
Package hyperref Info: Backreferencing OFF on input line 4197.
Package hyperref Info: Implicit mode OFF; no redefinition of LaTeX internals.
Package hyperref Info: Bookmarks ON on input line 4425.
\c@Hy@tempcnt=\count302

(/usr/local/texlive/2023/texmf-dist/tex/latex/url/url.sty
\Urlmuskip=\muskip16
Package: url 2013/09/16  ver 3.4  Verb mode for urls, etc.
)
LaTeX Info: Redefining \url on input line 4763.
\XeTeXLinkMargin=\dimen268

(/usr/local/texlive/2023/texmf-dist/tex/generic/bitset/bitset.sty
Package: bitset 2019/12/09 v1.3 Handle bit-vector datatype (HO)

(/usr/local/texlive/2023/texmf-dist/tex/generic/bigintcalc/bigintcalc.sty
Package: bigintcalc 2019/12/15 v1.5 Expandable calculations on big integers (HO
)
))
\Fld@menulength=\count303
\Field@Width=\dimen269
\Fld@charsize=\dimen270
Package hyperref Info: Hyper figures OFF on input line 6042.
Package hyperref Info: Link nesting OFF on input line 6047.
Package hyperref Info: Hyper index ON on input line 6050.
Package hyperref Info: backreferencing OFF on input line 6057.
Package hyperref Info: Link coloring OFF on input line 6062.
Package hyperref Info: Link coloring with OCG OFF on input line 6067.
Package hyperref Info: PDF/A mode OFF on input line 6072.
\Hy@abspage=\count304


Package hyperref Message: Stopped early.

)
Package hyperref Info: Driver (autodetected): hpdftex.
 (/usr/local/texlive/2023/texmf-dist/tex/latex/hyperref/hpdftex.def
File: hpdftex.def 2023-02-07 v7.00v Hyperref driver for pdfTeX

(/usr/local/texlive/2023/texmf-dist/tex/latex/base/atveryend-ltx.sty
Package: atveryend-ltx 2020/08/19 v1.0a Emulation of the original atveryend pac
kage
with kernel methods
)
\Fld@listcount=\count305
\c@bookmark@seq@number=\count306

(/usr/local/texlive/2023/texmf-dist/tex/latex/rerunfilecheck/rerunfilecheck.sty
Package: rerunfilecheck 2022-07-10 v1.10 Rerun checks for auxiliary files (HO)

(/usr/local/texlive/2023/texmf-dist/tex/generic/uniquecounter/uniquecounter.sty
Package: uniquecounter 2019/12/15 v1.4 Provide unlimited unique counter (HO)
)
Package uniquecounter Info: New unique counter `rerunfilecheck' on input line 2
85.
)) (/usr/local/texlive/2023/texmf-dist/tex/latex/beamer/beamerbaserequires.sty
(/usr/local/texlive/2023/texmf-dist/tex/latex/beamer/beamerbasecompatibility.st
y) (/usr/local/texlive/2023/texmf-dist/tex/latex/beamer/beamerbasefont.sty
(/usr/local/texlive/2023/texmf-dist/tex/latex/amsfonts/amssymb.sty
Package: amssymb 2013/01/14 v3.01 AMS font symbols

(/usr/local/texlive/2023/texmf-dist/tex/latex/amsfonts/amsfonts.sty
Package: amsfonts 2013/01/14 v3.01 Basic AMSFonts support
\@emptytoks=\toks28
\symAMSa=\mathgroup4
\symAMSb=\mathgroup5
LaTeX Font Info:    Redeclaring math symbol \hbar on input line 98.
LaTeX Font Info:    Overwriting math alphabet `\mathfrak' in version `bold'
(Font)                  U/euf/m/n --> U/euf/b/n on input line 106.
))
(/usr/local/texlive/2023/texmf-dist/tex/latex/sansmathaccent/sansmathaccent.sty
Package: sansmathaccent 2020/01/31
(/usr/local/texlive/2023/texmf-dist/tex/latex/koma-script/scrlfile.sty
Package: scrlfile 2022/10/12 v3.38 KOMA-Script package (file load hooks)

(/usr/local/texlive/2023/texmf-dist/tex/latex/koma-script/scrlfile-hook.sty
Package: scrlfile-hook 2022/10/12 v3.38 KOMA-Script package (using LaTeX hooks)


(/usr/local/texlive/2023/texmf-dist/tex/latex/koma-script/scrlogo.sty
Package: scrlogo 2022/10/12 v3.38 KOMA-Script package (logo)
)))))
(/usr/local/texlive/2023/texmf-dist/tex/latex/beamer/beamerbasetranslator.sty
(/usr/local/texlive/2023/texmf-dist/tex/latex/translator/translator.sty
Package: translator 2021-05-31 v1.12d Easy translation of strings in LaTeX
))
(/usr/local/texlive/2023/texmf-dist/tex/latex/beamer/beamerbasemisc.sty)
(/usr/local/texlive/2023/texmf-dist/tex/latex/beamer/beamerbasetwoscreens.sty)
(/usr/local/texlive/2023/texmf-dist/tex/latex/beamer/beamerbaseoverlay.sty
\beamer@argscount=\count307
\beamer@lastskipcover=\skip51
\beamer@trivlistdepth=\count308
)
(/usr/local/texlive/2023/texmf-dist/tex/latex/beamer/beamerbasetitle.sty)
(/usr/local/texlive/2023/texmf-dist/tex/latex/beamer/beamerbasesection.sty
\c@lecture=\count309
\c@part=\count310
\c@section=\count311
\c@subsection=\count312
\c@subsubsection=\count313
)
(/usr/local/texlive/2023/texmf-dist/tex/latex/beamer/beamerbaseframe.sty
\beamer@framebox=\box66
\beamer@frametitlebox=\box67
\beamer@zoombox=\box68
\beamer@zoomcount=\count314
\beamer@zoomframecount=\count315
\beamer@frametextheight=\dimen271
\c@subsectionslide=\count316
\beamer@frametopskip=\skip52
\beamer@framebottomskip=\skip53
\beamer@frametopskipautobreak=\skip54
\beamer@framebottomskipautobreak=\skip55
\beamer@envbody=\toks29
\framewidth=\dimen272
\c@framenumber=\count317
)
(/usr/local/texlive/2023/texmf-dist/tex/latex/beamer/beamerbaseverbatim.sty
\beamer@verbatimfileout=\write4
)
(/usr/local/texlive/2023/texmf-dist/tex/latex/beamer/beamerbaseframesize.sty
\beamer@splitbox=\box69
\beamer@autobreakcount=\count318
\beamer@autobreaklastheight=\dimen273
\beamer@frametitletoks=\toks30
\beamer@framesubtitletoks=\toks31
)
(/usr/local/texlive/2023/texmf-dist/tex/latex/beamer/beamerbaseframecomponents.
sty
\beamer@footins=\box70
) (/usr/local/texlive/2023/texmf-dist/tex/latex/beamer/beamerbasecolor.sty)
(/usr/local/texlive/2023/texmf-dist/tex/latex/beamer/beamerbasenotes.sty
\beamer@frameboxcopy=\box71
)
(/usr/local/texlive/2023/texmf-dist/tex/latex/beamer/beamerbasetoc.sty)
(/usr/local/texlive/2023/texmf-dist/tex/latex/beamer/beamerbasetemplates.sty
\beamer@sbttoks=\toks32

(/usr/local/texlive/2023/texmf-dist/tex/latex/beamer/beamerbaseauxtemplates.sty
(/usr/local/texlive/2023/texmf-dist/tex/latex/beamer/beamerbaseboxes.sty
\bmb@box=\box72
\bmb@colorbox=\box73
\bmb@boxwidth=\dimen274
\bmb@boxheight=\dimen275
\bmb@prevheight=\dimen276
\bmb@temp=\dimen277
\bmb@dima=\dimen278
\bmb@dimb=\dimen279
\bmb@prevheight=\dimen280
)
\beamer@blockheadheight=\dimen281
))
(/usr/local/texlive/2023/texmf-dist/tex/latex/beamer/beamerbaselocalstructure.s
ty (/usr/local/texlive/2023/texmf-dist/tex/latex/tools/enumerate.sty
Package: enumerate 2015/07/23 v3.00 enumerate extensions (DPC)
\@enLab=\toks33
)
\beamer@bibiconwidth=\skip56
\c@figure=\count319
\c@table=\count320
\abovecaptionskip=\skip57
\belowcaptionskip=\skip58
)
(/usr/local/texlive/2023/texmf-dist/tex/latex/beamer/beamerbasenavigation.sty
(/usr/local/texlive/2023/texmf-dist/tex/latex/beamer/beamerbasenavigationsymbol
s.tex)
\beamer@section@min@dim=\dimen282
)
(/usr/local/texlive/2023/texmf-dist/tex/latex/beamer/beamerbasetheorems.sty
(/usr/local/texlive/2023/texmf-dist/tex/latex/amsmath/amsmath.sty
Package: amsmath 2022/04/08 v2.17n AMS math features
\@mathmargin=\skip59

For additional information on amsmath, use the `?' option.
(/usr/local/texlive/2023/texmf-dist/tex/latex/amsmath/amstext.sty
Package: amstext 2021/08/26 v2.01 AMS text

(/usr/local/texlive/2023/texmf-dist/tex/latex/amsmath/amsgen.sty
File: amsgen.sty 1999/11/30 v2.0 generic functions
\@emptytoks=\toks34
\ex@=\dimen283
))
(/usr/local/texlive/2023/texmf-dist/tex/latex/amsmath/amsbsy.sty
Package: amsbsy 1999/11/29 v1.2d Bold Symbols
\pmbraise@=\dimen284
)
(/usr/local/texlive/2023/texmf-dist/tex/latex/amsmath/amsopn.sty
Package: amsopn 2022/04/08 v2.04 operator names
)
\inf@bad=\count321
LaTeX Info: Redefining \frac on input line 234.
\uproot@=\count322
\leftroot@=\count323
LaTeX Info: Redefining \overline on input line 399.
LaTeX Info: Redefining \colon on input line 410.
\classnum@=\count324
\DOTSCASE@=\count325
LaTeX Info: Redefining \ldots on input line 496.
LaTeX Info: Redefining \dots on input line 499.
LaTeX Info: Redefining \cdots on input line 620.
\Mathstrutbox@=\box74
\strutbox@=\box75
LaTeX Info: Redefining \big on input line 722.
LaTeX Info: Redefining \Big on input line 723.
LaTeX Info: Redefining \bigg on input line 724.
LaTeX Info: Redefining \Bigg on input line 725.
\big@size=\dimen285
LaTeX Font Info:    Redeclaring font encoding OML on input line 743.
LaTeX Font Info:    Redeclaring font encoding OMS on input line 744.
\macc@depth=\count326
LaTeX Info: Redefining \bmod on input line 905.
LaTeX Info: Redefining \pmod on input line 910.
LaTeX Info: Redefining \smash on input line 940.
LaTeX Info: Redefining \relbar on input line 970.
LaTeX Info: Redefining \Relbar on input line 971.
\c@MaxMatrixCols=\count327
\dotsspace@=\muskip17
\c@parentequation=\count328
\dspbrk@lvl=\count329
\tag@help=\toks35
\row@=\count330
\column@=\count331
\maxfields@=\count332
\andhelp@=\toks36
\eqnshift@=\dimen286
\alignsep@=\dimen287
\tagshift@=\dimen288
\tagwidth@=\dimen289
\totwidth@=\dimen290
\lineht@=\dimen291
\@envbody=\toks37
\multlinegap=\skip60
\multlinetaggap=\skip61
\mathdisplay@stack=\toks38
LaTeX Info: Redefining \[ on input line 2953.
LaTeX Info: Redefining \] on input line 2954.
)
(/usr/local/texlive/2023/texmf-dist/tex/latex/amscls/amsthm.sty
Package: amsthm 2020/05/29 v2.20.6
\thm@style=\toks39
\thm@bodyfont=\toks40
\thm@headfont=\toks41
\thm@notefont=\toks42
\thm@headpunct=\toks43
\thm@preskip=\skip62
\thm@postskip=\skip63
\thm@headsep=\skip64
\dth@everypar=\toks44
)
\c@theorem=\count333
)
(/usr/local/texlive/2023/texmf-dist/tex/latex/beamer/beamerbasethemes.sty))
(/usr/local/texlive/2023/texmf-dist/tex/latex/beamer/beamerthemedefault.sty
(/usr/local/texlive/2023/texmf-dist/tex/latex/beamer/beamerfontthemedefault.sty
)
(/usr/local/texlive/2023/texmf-dist/tex/latex/beamer/beamercolorthemedefault.st
y)
(/usr/local/texlive/2023/texmf-dist/tex/latex/beamer/beamerinnerthemedefault.st
y
\beamer@dima=\dimen292
\beamer@dimb=\dimen293
)
(/usr/local/texlive/2023/texmf-dist/tex/latex/beamer/beamerouterthemedefault.st
y))) (./preamble.tex
LaTeX Font Info:    Trying to load font information for U+msa on input line 84.


(/usr/local/texlive/2023/texmf-dist/tex/latex/amsfonts/umsa.fd
File: umsa.fd 2013/01/14 v3.01 AMS symbols A
)
LaTeX Font Info:    Trying to load font information for U+msb on input line 84.


(/usr/local/texlive/2023/texmf-dist/tex/latex/amsfonts/umsb.fd
File: umsb.fd 2013/01/14 v3.01 AMS symbols B
)
(/usr/local/texlive/2023/texmf-dist/tex/latex/collectbox/collectbox.sty
Package: collectbox 2022/10/17 v0.4c Collect macro arguments as boxes
\collectedbox=\box76
)
Package hyperref Info: Option `colorlinks' set `true' on input line 133.

(/usr/local/texlive/2023/texmf-dist/tex/latex/setspace/setspace.sty
Package: setspace 2022/12/04 v6.7b set line spacing
)
(/usr/local/texlive/2023/texmf-dist/tex/latex/tools/multicol.sty
Package: multicol 2021/11/30 v1.9d multicolumn formatting (FMi)
\c@tracingmulticols=\count334
\mult@box=\box77
\multicol@leftmargin=\dimen294
\c@unbalance=\count335
\c@collectmore=\count336
\doublecol@number=\count337
\multicoltolerance=\count338
\multicolpretolerance=\count339
\full@width=\dimen295
\page@free=\dimen296
\premulticols=\dimen297
\postmulticols=\dimen298
\multicolsep=\skip65
\multicolbaselineskip=\skip66
\partial@page=\box78
\last@line=\box79
\maxbalancingoverflow=\dimen299
\mult@rightbox=\box80
\mult@grightbox=\box81
\mult@firstbox=\box82
\mult@gfirstbox=\box83
\@tempa=\box84
\@tempa=\box85
\@tempa=\box86
\@tempa=\box87
\@tempa=\box88
\@tempa=\box89
\@tempa=\box90
\@tempa=\box91
\@tempa=\box92
\@tempa=\box93
\@tempa=\box94
\@tempa=\box95
\@tempa=\box96
\@tempa=\box97
\@tempa=\box98
\@tempa=\box99
\@tempa=\box100
\@tempa=\box101
\@tempa=\box102
\@tempa=\box103
\@tempa=\box104
\@tempa=\box105
\@tempa=\box106
\@tempa=\box107
\@tempa=\box108
\@tempa=\box109
\@tempa=\box110
\@tempa=\box111
\@tempa=\box112
\@tempa=\box113
\@tempa=\box114
\@tempa=\box115
\@tempa=\box116
\@tempa=\box117
\@tempa=\box118
\@tempa=\box119
\c@minrows=\count340
\c@columnbadness=\count341
\c@finalcolumnbadness=\count342
\last@try=\dimen300
\multicolovershoot=\dimen301
\multicolundershoot=\dimen302
\mult@nat@firstbox=\box120
\colbreak@box=\box121
\mc@col@check@num=\count343
)
(/usr/local/texlive/2023/texmf-dist/tex/latex/beamer/beamerfontthemeprofessiona
lfonts.sty) (/usr/local/texlive/2023/texmf-dist/tex/latex/roboto/roboto.sty
Package: roboto 2022/09/10 (Bob Tennent) Supports Roboto fonts for all LaTeX en
gines.

(/usr/local/texlive/2023/texmf-dist/tex/generic/iftex/ifxetex.sty
Package: ifxetex 2019/10/25 v0.7 ifxetex legacy package. Use iftex instead.
)
(/usr/local/texlive/2023/texmf-dist/tex/generic/iftex/ifluatex.sty
Package: ifluatex 2019/10/25 v1.5 ifluatex legacy package. Use iftex instead.
)
(/usr/local/texlive/2023/texmf-dist/tex/latex/xkeyval/xkeyval.sty
Package: xkeyval 2022/06/16 v2.9 package option processing (HA)

(/usr/local/texlive/2023/texmf-dist/tex/generic/xkeyval/xkeyval.tex
(/usr/local/texlive/2023/texmf-dist/tex/generic/xkeyval/xkvutils.tex
\XKV@toks=\toks45
\XKV@tempa@toks=\toks46
)
\XKV@depth=\count344
File: xkeyval.tex 2014/12/03 v2.7a key=value parser (HA)
))
(/usr/local/texlive/2023/texmf-dist/tex/latex/base/textcomp.sty
Package: textcomp 2020/02/02 v2.0n Standard LaTeX package
)
(/usr/local/texlive/2023/texmf-dist/tex/latex/base/fontenc.sty
Package: fontenc 2021/04/29 v2.0v Standard LaTeX package


LaTeX Font Warning: Font shape `OT1/cmss/l/n' undefined
(Font)              using `OT1/cmss/m/n' instead on input line 112.

) (/usr/local/texlive/2023/texmf-dist/tex/latex/fontaxes/fontaxes.sty
Package: fontaxes 2020/07/21 v1.0e Font selection axes
LaTeX Info: Redefining \upshape on input line 29.
LaTeX Info: Redefining \itshape on input line 31.
LaTeX Info: Redefining \slshape on input line 33.
LaTeX Info: Redefining \swshape on input line 35.
LaTeX Info: Redefining \scshape on input line 37.
LaTeX Info: Redefining \sscshape on input line 39.
LaTeX Info: Redefining \ulcshape on input line 41.
LaTeX Info: Redefining \textsw on input line 47.
LaTeX Info: Redefining \textssc on input line 48.
LaTeX Info: Redefining \textulc on input line 49.
))
(/usr/local/texlive/2023/texmf-dist/tex/latex/microtype/microtype.sty
Package: microtype 2023/03/13 v3.1a Micro-typographical refinements (RS)
\MT@toks=\toks47
\MT@tempbox=\box122
\MT@count=\count345
LaTeX Info: Redefining \noprotrusionifhmode on input line 1059.
LaTeX Info: Redefining \leftprotrusion on input line 1060.
\MT@prot@toks=\toks48
LaTeX Info: Redefining \rightprotrusion on input line 1078.
LaTeX Info: Redefining \textls on input line 1368.
\MT@outer@kern=\dimen303
LaTeX Info: Redefining \textmicrotypecontext on input line 1988.
\MT@listname@count=\count346

(/usr/local/texlive/2023/texmf-dist/tex/latex/microtype/microtype-pdftex.def
File: microtype-pdftex.def 2023/03/13 v3.1a Definitions specific to pdftex (RS)

LaTeX Info: Redefining \lsstyle on input line 902.
LaTeX Info: Redefining \lslig on input line 902.
\MT@outer@space=\skip67
)
Package microtype Info: Loading configuration file microtype.cfg.

(/usr/local/texlive/2023/texmf-dist/tex/latex/microtype/microtype.cfg
File: microtype.cfg 2023/03/13 v3.1a microtype main configuration file (RS)
))
(/usr/local/texlive/2023/texmf-dist/tex/latex/adjustbox/adjustbox.sty
Package: adjustbox 2022/10/17 v1.3a Adjusting TeX boxes (trim, clip, ...)

(/usr/local/texlive/2023/texmf-dist/tex/latex/adjustbox/adjcalc.sty
Package: adjcalc 2012/05/16 v1.1 Provides advanced setlength with multiple back
-ends (calc, etex, pgfmath)
)
(/usr/local/texlive/2023/texmf-dist/tex/latex/adjustbox/trimclip.sty
Package: trimclip 2020/08/19 v1.2 Trim and clip general TeX material
\tc@llx=\dimen304
\tc@lly=\dimen305
\tc@urx=\dimen306
\tc@ury=\dimen307
Package trimclip Info: Using driver 'tc-pdftex.def'.

(/usr/local/texlive/2023/texmf-dist/tex/latex/adjustbox/tc-pdftex.def
File: tc-pdftex.def 2019/01/04 v2.2 Clipping driver for pdftex
))
\adjbox@Width=\dimen308
\adjbox@Height=\dimen309
\adjbox@Depth=\dimen310
\adjbox@Totalheight=\dimen311
\adjbox@pwidth=\dimen312
\adjbox@pheight=\dimen313
\adjbox@pdepth=\dimen314
\adjbox@ptotalheight=\dimen315

(/usr/local/texlive/2023/texmf-dist/tex/latex/ifoddpage/ifoddpage.sty
Package: ifoddpage 2022/10/18 v1.2 Conditionals for odd/even page detection
\c@checkoddpage=\count347
)
(/usr/local/texlive/2023/texmf-dist/tex/latex/varwidth/varwidth.sty
Package: varwidth 2009/03/30 ver 0.92;  Variable-width minipages
\@vwid@box=\box123
\sift@deathcycles=\count348
\@vwid@loff=\dimen316
\@vwid@roff=\dimen317
))
(/usr/local/texlive/2023/texmf-dist/tex/latex/tools/array.sty
Package: array 2022/09/04 v2.5g Tabular extension package (FMi)
\col@sep=\dimen318
\ar@mcellbox=\box124
\extrarowheight=\dimen319
\NC@list=\toks49
\extratabsurround=\skip68
\backup@length=\skip69
\ar@cellbox=\box125
)
(/usr/local/texlive/2023/texmf-dist/tex/latex/threeparttable/threeparttable.sty
Package: threeparttable 2003/06/13  v 3.0
\@tempboxb=\box126
) (/usr/local/texlive/2023/texmf-dist/tex/latex/booktabs/booktabs.sty
Package: booktabs 2020/01/12 v1.61803398 Publication quality tables
\heavyrulewidth=\dimen320
\lightrulewidth=\dimen321
\cmidrulewidth=\dimen322
\belowrulesep=\dimen323
\belowbottomsep=\dimen324
\aboverulesep=\dimen325
\abovetopsep=\dimen326
\cmidrulesep=\dimen327
\cmidrulekern=\dimen328
\defaultaddspace=\dimen329
\@cmidla=\count349
\@cmidlb=\count350
\@aboverulesep=\dimen330
\@belowrulesep=\dimen331
\@thisruleclass=\count351
\@lastruleclass=\count352
\@thisrulewidth=\dimen332
)
(/usr/local/texlive/2023/texmf-dist/tex/latex/tools/tabularx.sty
Package: tabularx 2020/01/15 v2.11c `tabularx' package (DPC)
\TX@col@width=\dimen333
\TX@old@table=\dimen334
\TX@old@col=\dimen335
\TX@target=\dimen336
\TX@delta=\dimen337
\TX@cols=\count353
\TX@ftn=\toks50
)
(/usr/local/texlive/2023/texmf-dist/tex/latex/subfigure/subfigure.sty
Package: subfigure 2002/03/15 v2.1.5 subfigure package
\subfigtopskip=\skip70
\subfigcapskip=\skip71
\subfigcaptopadj=\dimen338
\subfigbottomskip=\skip72
\subfigcapmargin=\dimen339
\subfiglabelskip=\skip73
\c@subfigure=\count354
\c@lofdepth=\count355
\c@subtable=\count356
\c@lotdepth=\count357

****************************************
* Local config file subfigure.cfg used *
****************************************
(/usr/local/texlive/2023/texmf-dist/tex/latex/subfigure/subfigure.cfg)
\subfig@top=\skip74
\subfig@bottom=\skip75
)
(/usr/local/texlive/2023/texmf-dist/tex/latex/hf-tikz/hf-tikz.sty
Package: hf-tikz 2014/07/25 v0.3a A simple way to highlight formulas and formul
a parts.

(/usr/local/texlive/2023/texmf-dist/tex/latex/pgf/frontendlayer/tikz.sty
(/usr/local/texlive/2023/texmf-dist/tex/latex/pgf/basiclayer/pgf.sty
Package: pgf 2023-01-15 v3.1.10 (3.1.10)

(/usr/local/texlive/2023/texmf-dist/tex/generic/pgf/modules/pgfmoduleshapes.cod
e.tex
File: pgfmoduleshapes.code.tex 2023-01-15 v3.1.10 (3.1.10)
\pgfnodeparttextbox=\box127
)
(/usr/local/texlive/2023/texmf-dist/tex/generic/pgf/modules/pgfmoduleplot.code.
tex
File: pgfmoduleplot.code.tex 2023-01-15 v3.1.10 (3.1.10)
)
(/usr/local/texlive/2023/texmf-dist/tex/latex/pgf/compatibility/pgfcomp-version
-0-65.sty
Package: pgfcomp-version-0-65 2023-01-15 v3.1.10 (3.1.10)
\pgf@nodesepstart=\dimen340
\pgf@nodesepend=\dimen341
)
(/usr/local/texlive/2023/texmf-dist/tex/latex/pgf/compatibility/pgfcomp-version
-1-18.sty
Package: pgfcomp-version-1-18 2023-01-15 v3.1.10 (3.1.10)
))
(/usr/local/texlive/2023/texmf-dist/tex/latex/pgf/utilities/pgffor.sty
(/usr/local/texlive/2023/texmf-dist/tex/generic/pgf/utilities/pgffor.code.tex
Package: pgffor 2023-01-15 v3.1.10 (3.1.10)
\pgffor@iter=\dimen342
\pgffor@skip=\dimen343
\pgffor@stack=\toks51
\pgffor@toks=\toks52
))
(/usr/local/texlive/2023/texmf-dist/tex/generic/pgf/frontendlayer/tikz/tikz.cod
e.tex
Package: tikz 2023-01-15 v3.1.10 (3.1.10)

(/usr/local/texlive/2023/texmf-dist/tex/generic/pgf/libraries/pgflibraryplothan
dlers.code.tex
File: pgflibraryplothandlers.code.tex 2023-01-15 v3.1.10 (3.1.10)
\pgf@plot@mark@count=\count358
\pgfplotmarksize=\dimen344
)
\tikz@lastx=\dimen345
\tikz@lasty=\dimen346
\tikz@lastxsaved=\dimen347
\tikz@lastysaved=\dimen348
\tikz@lastmovetox=\dimen349
\tikz@lastmovetoy=\dimen350
\tikzleveldistance=\dimen351
\tikzsiblingdistance=\dimen352
\tikz@figbox=\box128
\tikz@figbox@bg=\box129
\tikz@tempbox=\box130
\tikz@tempbox@bg=\box131
\tikztreelevel=\count359
\tikznumberofchildren=\count360
\tikznumberofcurrentchild=\count361
\tikz@fig@count=\count362

(/usr/local/texlive/2023/texmf-dist/tex/generic/pgf/modules/pgfmodulematrix.cod
e.tex
File: pgfmodulematrix.code.tex 2023-01-15 v3.1.10 (3.1.10)
\pgfmatrixcurrentrow=\count363
\pgfmatrixcurrentcolumn=\count364
\pgf@matrix@numberofcolumns=\count365
)
\tikz@expandcount=\count366

(/usr/local/texlive/2023/texmf-dist/tex/generic/pgf/frontendlayer/tikz/librarie
s/tikzlibrarytopaths.code.tex
File: tikzlibrarytopaths.code.tex 2023-01-15 v3.1.10 (3.1.10)
)))
(/usr/local/texlive/2023/texmf-dist/tex/generic/pgf/frontendlayer/tikz/librarie
s/tikzlibraryshadings.code.tex
File: tikzlibraryshadings.code.tex 2023-01-15 v3.1.10 (3.1.10)

(/usr/local/texlive/2023/texmf-dist/tex/generic/pgf/libraries/pgflibraryshading
s.code.tex
File: pgflibraryshadings.code.tex 2023-01-15 v3.1.10 (3.1.10)
))
(/usr/local/texlive/2023/texmf-dist/tex/latex/l3packages/xparse/xparse.sty
(/usr/local/texlive/2023/texmf-dist/tex/latex/l3kernel/expl3.sty
Package: expl3 2023-02-22 L3 programming layer (loader) 

(/usr/local/texlive/2023/texmf-dist/tex/latex/l3backend/l3backend-pdftex.def
File: l3backend-pdftex.def 2023-01-16 L3 backend support: PDF output (pdfTeX)
\l__color_backend_stack_int=\count367
\l__pdf_internal_box=\box132
))
Package: xparse 2023-02-02 L3 Experimental document command parser
)
\c@jumping=\count368
)
(/usr/local/texlive/2023/texmf-dist/tex/generic/pgf/frontendlayer/tikz/librarie
s/tikzlibrarycalc.code.tex
File: tikzlibrarycalc.code.tex 2023-01-15 v3.1.10 (3.1.10)
)
(/usr/local/texlive/2023/texmf-dist/tex/generic/pgf/frontendlayer/tikz/librarie
s/tikzlibraryfit.code.tex
File: tikzlibraryfit.code.tex 2023-01-15 v3.1.10 (3.1.10)
)
(/usr/local/texlive/2023/texmf-dist/tex/generic/pgf/frontendlayer/tikz/librarie
s/tikzlibraryshapes.misc.code.tex
File: tikzlibraryshapes.misc.code.tex 2023-01-15 v3.1.10 (3.1.10)

(/usr/local/texlive/2023/texmf-dist/tex/generic/pgf/libraries/shapes/pgflibrary
shapes.misc.code.tex
File: pgflibraryshapes.misc.code.tex 2023-01-15 v3.1.10 (3.1.10)
)))
(/usr/local/texlive/2023/texmf-dist/tex/latex/breqn/breqn.sty
Package: breqn 2021/10/28 v0.98l Breaking equations

(/usr/local/texlive/2023/texmf-dist/tex/latex/breqn/flexisym.sty
Package: flexisym 2021/10/28 v0.98l Make math characters macros
LaTeX Info: Redefining \textprime on input line 299.
LaTeX Info: Redefining \not on input line 357.

(/usr/local/texlive/2023/texmf-dist/tex/latex/breqn/cmbase.sym
File: cmbase.sym 2007/12/19 v0.92
LaTeX Info: Redefining \hbar on input line 324.
LaTeX Info: Redefining \surd on input line 326.
LaTeX Info: Redefining \angle on input line 334.
LaTeX Info: Redefining \neq on input line 335.
LaTeX Info: Redefining \mapsto on input line 336.
LaTeX Info: Redefining \cong on input line 337.
LaTeX Info: Redefining \notin on input line 340.
LaTeX Info: Redefining \rightleftharpoons on input line 341.
LaTeX Info: Redefining \doteq on input line 342.
LaTeX Info: Redefining \hookrightarrow on input line 343.
LaTeX Info: Redefining \hookleftarrow on input line 344.
LaTeX Info: Redefining \bowtie on input line 345.
LaTeX Info: Redefining \models on input line 346.
LaTeX Info: Redefining \Longrightarrow on input line 347.
LaTeX Info: Redefining \longrightarrow on input line 348.
LaTeX Info: Redefining \Longleftarrow on input line 349.
LaTeX Info: Redefining \longleftarrow on input line 350.
LaTeX Info: Redefining \longmapsto on input line 351.
LaTeX Info: Redefining \longleftrightarrow on input line 352.
LaTeX Info: Redefining \Longleftrightarrow on input line 353.
LaTeX Info: Redefining \cdots on input line 357.
LaTeX Info: Redefining \vdots on input line 360.
LaTeX Info: Redefining \ddots on input line 365.
)
(/usr/local/texlive/2023/texmf-dist/tex/latex/breqn/mathstyle.sty
Package: mathstyle 2021/10/28 v0.98l Tracking mathstyle implicitly
LaTeX Info: Redefining \displaystyle on input line 95.
LaTeX Info: Redefining \textstyle on input line 97.
LaTeX Info: Redefining \scriptstyle on input line 99.
LaTeX Info: Redefining \scriptscriptstyle on input line 101.
LaTeX Info: Redefining \genfrac on input line 149.
))
(/usr/local/texlive/2023/texmf-dist/tex/latex/tools/calc.sty
Package: calc 2017/05/25 v4.3 Infix arithmetic (KKT,FJ)
\calc@Acount=\count369
\calc@Bcount=\count370
\calc@Adimen=\dimen353
\calc@Bdimen=\dimen354
\calc@Askip=\skip76
\calc@Bskip=\skip77
LaTeX Info: Redefining \setlength on input line 80.
LaTeX Info: Redefining \addtolength on input line 81.
\calc@Ccount=\count371
\calc@Cskip=\skip78
)
\inf@bad=\count372
\maxint=\count373
\listwidth=\dimen355
\eqnumsep=\dimen356
\eqmargin=\dimen357
\eqlinespacing=\skip79
\eqlineskip=\skip80
\eqlineskiplimit=\dimen358
\eqbinoffset=\muskip18
\eqdelimoffset=\muskip19
\eqindentstep=\dimen359
\eqstyle=\toks53
\eqbreakdepth=\count374
\eqinterlinepenalty=\count375
\intereqpenalty=\count376
\intereqskip=\skip81
\prerelpenalty=\count377
\prebinoppenalty=\count378
\Dmedmuskip=\muskip20
\Dthickmuskip=\muskip21
\eqleftskip=\skip82
\eqrightskip=\skip83
\eq@vspan=\skip84
\eq@binoffset=\muskip22
\EQ@box=\box133
\EQ@copy=\box134
\EQ@numbox=\box135
\eq@wdNum=\dimen360
\GRP@numbox=\box136
\grp@wdNum=\dimen361
\eq@lines=\count379
\eq@curline=\count380
\eq@badness=\count381
\EQ@vims=\count382
\eq@dp=\dimen362
\eq@wdL=\dimen363
\eq@wdT=\dimen364
\eq@wdMin=\dimen365
\grp@wdL=\dimen366
\grp@wdR=\dimen367
\grp@wdT=\dimen368
\eq@wdRmax=\dimen369
\eq@firstht=\dimen370
\eq@wdCond=\dimen371
\eq@indentstep=\dimen372
\eq@linewidth=\dimen373
\grp@linewidth=\dimen374
\eq@hshift=\dimen375
\eq@given@sidespace=\dimen376
\mathindent=\dimen377
\eq@final@linecount=\count383
\eq@wdR=\dimen378
\EQ@continue=\toks54
\lr@level=\count384
\GRP@queue=\toks55
\GRP@box=\box137
\GRP@wholebox=\box138
\darraycolsep=\skip85
\cur@row=\count385
\cur@col=\count386
\conditionsep=\skip86
)
(/usr/local/texlive/2023/texmf-dist/tex/generic/babel/babel.sty
Package: babel 2023/02/13 3.86 The Babel package
\babel@savecnt=\count387
\U@D=\dimen379
\l@unhyphenated=\language87

(/usr/local/texlive/2023/texmf-dist/tex/generic/babel/txtbabel.def)
\bbl@readstream=\read3
LaTeX Info: Redefining \textlatin on input line 4088.
\bbl@dirlevel=\count388

(/usr/local/texlive/2023/texmf-dist/tex/generic/babel-english/english.ldf
Language: english 2017/06/06 v3.3r English support from the babel system
Package babel Info: Hyphen rules for 'canadian' set to \l@english
(babel)             (\language0). Reported on input line 102.
Package babel Info: Hyphen rules for 'australian' set to \l@ukenglish
(babel)             (\language21). Reported on input line 105.
Package babel Info: Hyphen rules for 'newzealand' set to \l@ukenglish
(babel)             (\language21). Reported on input line 108.
))
(/usr/local/texlive/2023/texmf-dist/tex/generic/babel/locale/en/babel-english.t
ex
Package babel Info: Importing font and identification data for english
(babel)             from babel-en.ini. Reported on input line 11.
) (/usr/local/texlive/2023/texmf-dist/tex/latex/mathtools/mathtools.sty
Package: mathtools 2022/06/29 v1.29 mathematical typesetting tools

(/usr/local/texlive/2023/texmf-dist/tex/latex/mathtools/mhsetup.sty
Package: mhsetup 2021/03/18 v1.4 programming setup (MH)
)
\g_MT_multlinerow_int=\count389
\l_MT_multwidth_dim=\dimen380
\origjot=\skip87
\l_MT_shortvdotswithinadjustabove_dim=\dimen381
\l_MT_shortvdotswithinadjustbelow_dim=\dimen382
\l_MT_above_intertext_sep=\dimen383
\l_MT_below_intertext_sep=\dimen384
\l_MT_above_shortintertext_sep=\dimen385
\l_MT_below_shortintertext_sep=\dimen386
\xmathstrut@box=\box139
\xmathstrut@dim=\dimen387
)
(/usr/local/texlive/2023/texmf-dist/tex/latex/pdfpages/pdfpages.sty
Package: pdfpages 2022/12/19 v0.5x Insert pages of external PDF documents (AM)

(/usr/local/texlive/2023/texmf-dist/tex/latex/base/ifthen.sty
Package: ifthen 2022/04/13 v1.1d Standard LaTeX ifthen package (DPC)
)
(/usr/local/texlive/2023/texmf-dist/tex/latex/eso-pic/eso-pic.sty
Package: eso-pic 2020/10/14 v3.0a eso-pic (RN)
\ESO@tempdima=\dimen388
\ESO@tempdimb=\dimen389
)
\AM@pagewidth=\dimen390
\AM@pageheight=\dimen391
\AM@fboxrule=\dimen392

(/usr/local/texlive/2023/texmf-dist/tex/latex/pdfpages/pppdftex.def
File: pppdftex.def 2022/12/19 v0.5x Pdfpages driver for pdfTeX (AM)
)
\pdfpages@includegraphics@status=\count390
\AM@pagebox=\box140
\AM@global@opts=\toks56
\AM@pagecnt=\count391
\AM@toc@title=\toks57
\AM@lof@heading=\toks58
\c@AM@survey=\count392
\AM@templatesizebox=\box141
)
(/usr/local/texlive/2023/texmf-dist/tex/latex/listings/listings.sty
\lst@mode=\count393
\lst@gtempboxa=\box142
\lst@token=\toks59
\lst@length=\count394
\lst@currlwidth=\dimen393
\lst@column=\count395
\lst@pos=\count396
\lst@lostspace=\dimen394
\lst@width=\dimen395
\lst@newlines=\count397
\lst@lineno=\count398
\lst@maxwidth=\dimen396

(/usr/local/texlive/2023/texmf-dist/tex/latex/listings/lstmisc.sty
File: lstmisc.sty 2023/02/27 1.9 (Carsten Heinz)
\c@lstnumber=\count399
\lst@skipnumbers=\count400
\lst@framebox=\box143
)
(/usr/local/texlive/2023/texmf-dist/tex/latex/listings/listings.cfg
File: listings.cfg 2023/02/27 1.9 listings configuration
))
Package: listings 2023/02/27 1.9 (Carsten Heinz)

(/usr/local/texlive/2023/texmf-dist/tex/latex/tools/verbatim.sty
Package: verbatim 2022-07-02 v1.5u LaTeX2e package for verbatim enhancements
\every@verbatim=\toks60
\verbatim@line=\toks61
\verbatim@in@stream=\read4
)
(/usr/local/texlive/2023/texmf-dist/tex/latex/media9/media9.sty
Package: media9 2022/08/04 v1.25 acrobat-9/X compatible media
\g_mix_pkgresizeflag_int=\count401

(/usr/local/texlive/2023/texmf-dist/tex/latex/media9/pdfbase.sty
Package: pdfbase 2022/08/04 v0.55 driver independent access to low-level PDF fe
atures
\g_pbs_page_int=\count402
\g_pbs_oc_int=\count403
)
(/usr/local/texlive/2023/texmf-dist/tex/latex/ocgx2/ocgbase.sty
Package: ocgbase 2022/08/04 v0.22 support package for ocgx2.sty
\g_ocgbase_nd_int=\count404
)
\l_mix_poster_box=\box144
\g_mix_wd_dim=\dimen397
\g_mix_ht_dim=\dimen398
\g_mix_dp_dim=\dimen399
\g_mix_rmcnt_int=\count405
\l_mix_viewcnt_int=\count406
\g@mix@page@int=\count407
\g_mix_resizeflag_int=\count408
\l_mix_lineno_int=\count409
\l_mix_pbtn_box=\box145
\g_mix_mbtncnt_int=\count410
\mix@btn@dim=\dimen400
)
(/usr/local/texlive/2023/texmf-dist/tex/latex/natbib/natbib.sty
Package: natbib 2010/09/13 8.31b (PWD, AO)
\bibhang=\skip88
\bibsep=\skip89
LaTeX Info: Redefining \cite on input line 694.
\c@NAT@ctr=\count411
)
(/usr/local/texlive/2023/texmf-dist/tex/latex/har2nat/har2nat.sty
Package: har2nat 2005/12/01 1.0 Harvard to natbib

(/usr/local/texlive/2023/texmf-dist/tex/latex/bigfoot/suffix.sty
Package: suffix 2006/07/15 1.5a Variant command support
))
(/usr/local/texlive/2023/texmf-dist/tex/latex/breakcites/breakcites.sty)
(/usr/local/texlive/2023/texmf-dist/tex/latex/base/alltt.sty
Package: alltt 2021/01/29 v2.0g defines alltt environment
)
(/usr/local/texlive/2023/texmf-dist/tex/latex/pgfplots/pgfplots.sty
(/usr/local/texlive/2023/texmf-dist/tex/generic/pgfplots/pgfplots.revision.tex)
Package: pgfplots 2021/05/15 v1.18.1 Data Visualization (1.18.1)
(/usr/local/texlive/2023/texmf-dist/tex/generic/pgfplots/pgfplots.code.tex
(/usr/local/texlive/2023/texmf-dist/tex/generic/pgfplots/pgfplotscore.code.tex
\t@pgfplots@toka=\toks62
\t@pgfplots@tokb=\toks63
\t@pgfplots@tokc=\toks64
\pgfplots@tmpa=\dimen401
\c@pgfplots@coordindex=\count412
\c@pgfplots@scanlineindex=\count413

(/usr/local/texlive/2023/texmf-dist/tex/generic/pgfplots/sys/pgfplotssysgeneric
.code.tex))
(/usr/local/texlive/2023/texmf-dist/tex/generic/pgfplots/libs/pgfplotslibrary.c
ode.tex)
(/usr/local/texlive/2023/texmf-dist/tex/generic/pgfplots/oldpgfcompatib/pgfplot
soldpgfsupp_loader.code.tex
(/usr/local/texlive/2023/texmf-dist/tex/generic/pgf/libraries/pgflibraryfpu.cod
e.tex)
Package pgfplots: loading complementary utilities for your pgf version...
\t@pgf@toka=\toks65
\t@pgf@tokb=\toks66
\t@pgf@tokc=\toks67

(/usr/local/texlive/2023/texmf-dist/tex/generic/pgfplots/oldpgfcompatib/pgfplot
soldpgfsupp_pgfutil-common-lists.tex))
(/usr/local/texlive/2023/texmf-dist/tex/generic/pgfplots/util/pgfplotsutil.code
.tex
(/usr/local/texlive/2023/texmf-dist/tex/generic/pgfplots/liststructure/pgfplots
liststructure.code.tex)
(/usr/local/texlive/2023/texmf-dist/tex/generic/pgfplots/liststructure/pgfplots
liststructureext.code.tex)
(/usr/local/texlive/2023/texmf-dist/tex/generic/pgfplots/liststructure/pgfplots
array.code.tex
\c@pgfplotsarray@tmp=\count414
)
(/usr/local/texlive/2023/texmf-dist/tex/generic/pgfplots/liststructure/pgfplots
matrix.code.tex)
(/usr/local/texlive/2023/texmf-dist/tex/generic/pgfplots/numtable/pgfplotstable
shared.code.tex
\c@pgfplotstable@counta=\count415
\t@pgfplotstable@a=\toks68
)
(/usr/local/texlive/2023/texmf-dist/tex/generic/pgfplots/liststructure/pgfplots
deque.code.tex)
(/usr/local/texlive/2023/texmf-dist/tex/generic/pgfplots/util/pgfplotsbinary.co
de.tex
(/usr/local/texlive/2023/texmf-dist/tex/generic/pgfplots/util/pgfplotsbinary.da
ta.code.tex))
(/usr/local/texlive/2023/texmf-dist/tex/generic/pgfplots/util/pgfplotsutil.verb
.code.tex)
(/usr/local/texlive/2023/texmf-dist/tex/generic/pgfplots/libs/pgflibrarypgfplot
s.surfshading.code.tex
\c@pgfplotslibrarysurf@no=\count416

(/usr/local/texlive/2023/texmf-dist/tex/generic/pgfplots/sys/pgflibrarypgfplots
.surfshading.pgfsys-pdftex.def)))
(/usr/local/texlive/2023/texmf-dist/tex/generic/pgfplots/util/pgfplotscolormap.
code.tex
(/usr/local/texlive/2023/texmf-dist/tex/generic/pgfplots/util/pgfplotscolor.cod
e.tex))
(/usr/local/texlive/2023/texmf-dist/tex/generic/pgfplots/pgfplotsstackedplots.c
ode.tex)
(/usr/local/texlive/2023/texmf-dist/tex/generic/pgfplots/pgfplotsplothandlers.c
ode.tex
(/usr/local/texlive/2023/texmf-dist/tex/generic/pgfplots/pgfplotsmeshplothandle
r.code.tex
(/usr/local/texlive/2023/texmf-dist/tex/generic/pgfplots/pgfplotsmeshplotimage.
code.tex)))
(/usr/local/texlive/2023/texmf-dist/tex/generic/pgfplots/pgfplots.scaling.code.
tex)
(/usr/local/texlive/2023/texmf-dist/tex/generic/pgfplots/pgfplotscoordprocessin
g.code.tex)
(/usr/local/texlive/2023/texmf-dist/tex/generic/pgfplots/pgfplots.errorbars.cod
e.tex)
(/usr/local/texlive/2023/texmf-dist/tex/generic/pgfplots/pgfplots.markers.code.
tex)
(/usr/local/texlive/2023/texmf-dist/tex/generic/pgfplots/pgfplotsticks.code.tex
)
(/usr/local/texlive/2023/texmf-dist/tex/generic/pgfplots/pgfplots.paths.code.te
x)
(/usr/local/texlive/2023/texmf-dist/tex/generic/pgf/frontendlayer/tikz/librarie
s/tikzlibrarydecorations.code.tex
(/usr/local/texlive/2023/texmf-dist/tex/generic/pgf/modules/pgfmoduledecoration
s.code.tex
\pgfdecoratedcompleteddistance=\dimen402
\pgfdecoratedremainingdistance=\dimen403
\pgfdecoratedinputsegmentcompleteddistance=\dimen404
\pgfdecoratedinputsegmentremainingdistance=\dimen405
\pgf@decorate@distancetomove=\dimen406
\pgf@decorate@repeatstate=\count417
\pgfdecorationsegmentamplitude=\dimen407
\pgfdecorationsegmentlength=\dimen408
)
\tikz@lib@dec@box=\box146
)
(/usr/local/texlive/2023/texmf-dist/tex/generic/pgf/frontendlayer/tikz/librarie
s/tikzlibrarydecorations.pathmorphing.code.tex
(/usr/local/texlive/2023/texmf-dist/tex/generic/pgf/libraries/decorations/pgfli
brarydecorations.pathmorphing.code.tex))
(/usr/local/texlive/2023/texmf-dist/tex/generic/pgf/frontendlayer/tikz/librarie
s/tikzlibrarydecorations.pathreplacing.code.tex
(/usr/local/texlive/2023/texmf-dist/tex/generic/pgf/libraries/decorations/pgfli
brarydecorations.pathreplacing.code.tex))
(/usr/local/texlive/2023/texmf-dist/tex/generic/pgfplots/libs/tikzlibrarypgfplo
ts.contourlua.code.tex)
\pgfplots@numplots=\count418
\pgfplots@xmin@reg=\dimen409
\pgfplots@xmax@reg=\dimen410
\pgfplots@ymin@reg=\dimen411
\pgfplots@ymax@reg=\dimen412
\pgfplots@zmin@reg=\dimen413
\pgfplots@zmax@reg=\dimen414
)
(/usr/local/texlive/2023/texmf-dist/tex/generic/pgf/frontendlayer/tikz/librarie
s/tikzlibraryplotmarks.code.tex
File: tikzlibraryplotmarks.code.tex 2023-01-15 v3.1.10 (3.1.10)

(/usr/local/texlive/2023/texmf-dist/tex/generic/pgf/libraries/pgflibraryplotmar
ks.code.tex
File: pgflibraryplotmarks.code.tex 2023-01-15 v3.1.10 (3.1.10)
)))
(/usr/local/texlive/2023/texmf-dist/tex/generic/pgf/frontendlayer/tikz/librarie
s/tikzlibrarypositioning.code.tex
File: tikzlibrarypositioning.code.tex 2023-01-15 v3.1.10 (3.1.10)
)
(/usr/local/texlive/2023/texmf-dist/tex/generic/pgf/libraries/pgflibraryarrows.
meta.code.tex
File: pgflibraryarrows.meta.code.tex 2023-01-15 v3.1.10 (3.1.10)
\pgfarrowinset=\dimen415
\pgfarrowlength=\dimen416
\pgfarrowwidth=\dimen417
\pgfarrowlinewidth=\dimen418
)
(/usr/local/texlive/2023/texmf-dist/tex/generic/pgf/frontendlayer/tikz/librarie
s/tikzlibraryintersections.code.tex
(/usr/local/texlive/2023/texmf-dist/tex/generic/pgf/libraries/pgflibraryinterse
ctions.code.tex
\pgf@intersect@solutions=\count419
))
\pgf@layerbox@bg=\box147
\pgf@layerboxsaved@bg=\box148
\pgf@layerbox@back=\box149
\pgf@layerboxsaved@back=\box150
\pgf@layerbox@fg=\box151
\pgf@layerboxsaved@fg=\box152

(/usr/local/texlive/2023/texmf-dist/tex/generic/pgf/frontendlayer/tikz/librarie
s/tikzlibraryshapes.code.tex
File: tikzlibraryshapes.code.tex 2023-01-15 v3.1.10 (3.1.10)

(/usr/local/texlive/2023/texmf-dist/tex/generic/pgf/frontendlayer/tikz/librarie
s/tikzlibraryshapes.geometric.code.tex
File: tikzlibraryshapes.geometric.code.tex 2023-01-15 v3.1.10 (3.1.10)

(/usr/local/texlive/2023/texmf-dist/tex/generic/pgf/libraries/shapes/pgflibrary
shapes.geometric.code.tex
File: pgflibraryshapes.geometric.code.tex 2023-01-15 v3.1.10 (3.1.10)
))
(/usr/local/texlive/2023/texmf-dist/tex/generic/pgf/frontendlayer/tikz/librarie
s/tikzlibraryshapes.symbols.code.tex
File: tikzlibraryshapes.symbols.code.tex 2023-01-15 v3.1.10 (3.1.10)

(/usr/local/texlive/2023/texmf-dist/tex/generic/pgf/libraries/shapes/pgflibrary
shapes.symbols.code.tex
File: pgflibraryshapes.symbols.code.tex 2023-01-15 v3.1.10 (3.1.10)
))
(/usr/local/texlive/2023/texmf-dist/tex/generic/pgf/frontendlayer/tikz/librarie
s/tikzlibraryshapes.arrows.code.tex
File: tikzlibraryshapes.arrows.code.tex 2023-01-15 v3.1.10 (3.1.10)

(/usr/local/texlive/2023/texmf-dist/tex/generic/pgf/libraries/shapes/pgflibrary
shapes.arrows.code.tex
File: pgflibraryshapes.arrows.code.tex 2023-01-15 v3.1.10 (3.1.10)
))
(/usr/local/texlive/2023/texmf-dist/tex/generic/pgf/frontendlayer/tikz/librarie
s/tikzlibraryshapes.callouts.code.tex
(/usr/local/texlive/2023/texmf-dist/tex/generic/pgf/libraries/shapes/pgflibrary
shapes.callouts.code.tex))
(/usr/local/texlive/2023/texmf-dist/tex/generic/pgf/frontendlayer/tikz/librarie
s/tikzlibraryshapes.multipart.code.tex
File: tikzlibraryshapes.multipart.code.tex 2023-01-15 v3.1.10 (3.1.10)

(/usr/local/texlive/2023/texmf-dist/tex/generic/pgf/libraries/shapes/pgflibrary
shapes.multipart.code.tex
File: pgflibraryshapes.multipart.code.tex 2023-01-15 v3.1.10 (3.1.10)
\pgfnodepartlowerbox=\box153
\pgfnodeparttwobox=\box154
\pgfnodepartthreebox=\box155
\pgfnodepartfourbox=\box156
\pgfnodeparttwentybox=\box157
\pgfnodepartnineteenbox=\box158
\pgfnodeparteighteenbox=\box159
\pgfnodepartseventeenbox=\box160
\pgfnodepartsixteenbox=\box161
\pgfnodepartfifteenbox=\box162
\pgfnodepartfourteenbox=\box163
\pgfnodepartthirteenbox=\box164
\pgfnodeparttwelvebox=\box165
\pgfnodepartelevenbox=\box166
\pgfnodeparttenbox=\box167
\pgfnodepartninebox=\box168
\pgfnodeparteightbox=\box169
\pgfnodepartsevenbox=\box170
\pgfnodepartsixbox=\box171
\pgfnodepartfivebox=\box172
)))
(/usr/local/texlive/2023/texmf-dist/tex/generic/pgf/frontendlayer/tikz/librarie
s/tikzlibraryarrows.code.tex
File: tikzlibraryarrows.code.tex 2023-01-15 v3.1.10 (3.1.10)

(/usr/local/texlive/2023/texmf-dist/tex/generic/pgf/libraries/pgflibraryarrows.
code.tex
File: pgflibraryarrows.code.tex 2023-01-15 v3.1.10 (3.1.10)
\arrowsize=\dimen419
))
LaTeX Font Info:    Trying to load font information for OT1+Roboto-LF on input 
line 45.
 (/usr/local/texlive/2023/texmf-dist/tex/latex/roboto/OT1Roboto-LF.fd
File: OT1Roboto-LF.fd 2019/12/11 (autoinst) Font definitions for OT1/Roboto-LF.

)
LaTeX Font Info:    Font shape `OT1/Roboto-LF/l/n' aliased to
(Font)              `OT1/Roboto-LF/light/n' on input line 45.
LaTeX Font Info:    Font shape `OT1/Roboto-LF/light/n' will be
(Font)              scaled to size 10.95pt on input line 45.
 (./02-Unconfoundedness.aux)
\openout1 = `02-Unconfoundedness.aux'.

LaTeX Font Info:    Checking defaults for OML/cmm/m/it on input line 45.
LaTeX Font Info:    ... okay on input line 45.
LaTeX Font Info:    Checking defaults for OMS/cmsy/m/n on input line 45.
LaTeX Font Info:    ... okay on input line 45.
LaTeX Font Info:    Checking defaults for OT1/cmr/m/n on input line 45.
LaTeX Font Info:    ... okay on input line 45.
LaTeX Font Info:    Checking defaults for T1/cmr/m/n on input line 45.
LaTeX Font Info:    ... okay on input line 45.
LaTeX Font Info:    Checking defaults for TS1/cmr/m/n on input line 45.
LaTeX Font Info:    ... okay on input line 45.
LaTeX Font Info:    Checking defaults for OMX/cmex/m/n on input line 45.
LaTeX Font Info:    ... okay on input line 45.
LaTeX Font Info:    Checking defaults for U/cmr/m/n on input line 45.
LaTeX Font Info:    ... okay on input line 45.
LaTeX Font Info:    Checking defaults for PD1/pdf/m/n on input line 45.
LaTeX Font Info:    ... okay on input line 45.
LaTeX Font Info:    Checking defaults for PU/pdf/m/n on input line 45.
LaTeX Font Info:    ... okay on input line 45.

*geometry* driver: auto-detecting
*geometry* detected driver: pdftex
*geometry* verbose mode - [ preamble ] result:
* driver: pdftex
* paper: custom
* layout: <same size as paper>
* layoutoffset:(h,v)=(0.0pt,0.0pt)
* modes: includehead includefoot 
* h-part:(L,W,R)=(15.0pt, 334.19536pt, 15.0pt)
* v-part:(T,H,B)=(0.0pt, 273.14662pt, 0.0pt)
* \paperwidth=364.19536pt
* \paperheight=273.14662pt
* \textwidth=334.19536pt
* \textheight=244.6939pt
* \oddsidemargin=-57.26999pt
* \evensidemargin=-57.26999pt
* \topmargin=-72.26999pt
* \headheight=14.22636pt
* \headsep=0.0pt
* \topskip=11.0pt
* \footskip=14.22636pt
* \marginparwidth=4.0pt
* \marginparsep=10.0pt
* \columnsep=10.0pt
* \skip\footins=10.0pt plus 4.0pt minus 2.0pt
* \hoffset=0.0pt
* \voffset=0.0pt
* \mag=1000
* \@twocolumnfalse
* \@twosidefalse
* \@mparswitchfalse
* \@reversemarginfalse
* (1in=72.27pt=25.4mm, 1cm=28.453pt)

(/usr/local/texlive/2023/texmf-dist/tex/context/base/mkii/supp-pdf.mkii
[Loading MPS to PDF converter (version 2006.09.02).]
\scratchcounter=\count420
\scratchdimen=\dimen420
\scratchbox=\box173
\nofMPsegments=\count421
\nofMParguments=\count422
\everyMPshowfont=\toks69
\MPscratchCnt=\count423
\MPscratchDim=\dimen421
\MPnumerator=\count424
\makeMPintoPDFobject=\count425
\everyMPtoPDFconversion=\toks70
) (/usr/local/texlive/2023/texmf-dist/tex/latex/epstopdf-pkg/epstopdf-base.sty
Package: epstopdf-base 2020-01-24 v2.11 Base part for package epstopdf
Package epstopdf-base Info: Redefining graphics rule for `.eps' on input line 4
85.

(/usr/local/texlive/2023/texmf-dist/tex/latex/latexconfig/epstopdf-sys.cfg
File: epstopdf-sys.cfg 2010/07/13 v1.3 Configuration of (r)epstopdf for TeX Liv
e
))
Package hyperref Info: Link coloring ON on input line 45.

(./02-Unconfoundedness.out) (./02-Unconfoundedness.out)
\@outlinefile=\write5
\openout5 = `02-Unconfoundedness.out'.


(/usr/local/texlive/2023/texmf-dist/tex/latex/translator/translator-basic-dicti
onary-English.dict
Dictionary: translator-basic-dictionary, Language: English 
)
(/usr/local/texlive/2023/texmf-dist/tex/latex/translator/translator-bibliograph
y-dictionary-English.dict
Dictionary: translator-bibliography-dictionary, Language: English 
)
(/usr/local/texlive/2023/texmf-dist/tex/latex/translator/translator-environment
-dictionary-English.dict
Dictionary: translator-environment-dictionary, Language: English 
)
(/usr/local/texlive/2023/texmf-dist/tex/latex/translator/translator-months-dict
ionary-English.dict
Dictionary: translator-months-dictionary, Language: English 
)
(/usr/local/texlive/2023/texmf-dist/tex/latex/translator/translator-numbers-dic
tionary-English.dict
Dictionary: translator-numbers-dictionary, Language: English 
)
(/usr/local/texlive/2023/texmf-dist/tex/latex/translator/translator-theorem-dic
tionary-English.dict
Dictionary: translator-theorem-dictionary, Language: English 
)
\c@mv@tabular=\count426
\c@mv@boldtabular=\count427
LaTeX Info: Redefining \microtypecontext on input line 45.
Package microtype Info: Applying patch `item' on input line 45.
Package microtype Info: Applying patch `toc' on input line 45.
Package microtype Info: Applying patch `eqnum' on input line 45.
Package microtype Info: Applying patch `footnote' on input line 45.
Package microtype Info: Applying patch `verbatim' on input line 45.
Package microtype Info: Generating PDF output.
Package microtype Info: Character protrusion enabled (level 2).
Package microtype Info: Using default protrusion set `alltext'.
Package microtype Info: Automatic font expansion enabled (level 2),
(microtype)             stretch: 20, shrink: 20, step: 1, non-selected.
Package microtype Info: Using default expansion set `alltext-nott'.
LaTeX Info: Redefining \showhyphens on input line 45.
Package microtype Info: No adjustment of tracking.
Package microtype Info: No adjustment of interword spacing.
Package microtype Info: No adjustment of character kerning.
Package microtype Info: Loading generic protrusion settings for font family
(microtype)             `Roboto-LF' (encoding: OT1).
(microtype)             For optimal results, create family-specific settings.
(microtype)             See the microtype manual for details.

(/usr/local/texlive/2023/texmf-dist/tex/latex/pdflscape/pdflscape.sty
Package: pdflscape 2022-10-27 v0.13 Display of landscape pages in PDF

(/usr/local/texlive/2023/texmf-dist/tex/latex/pdflscape/pdflscape-nometadata.st
y
Package: pdflscape-nometadata 2022-10-28 v0.13 Display of landscape pages in PD
F (HO)
 (/usr/local/texlive/2023/texmf-dist/tex/latex/graphics/lscape.sty
Package: lscape 2020/05/28 v3.02 Landscape Pages (DPC)
)
Package pdflscape Info: Auto-detected driver: pdftex on input line 81.
))
\c@lstlisting=\count428


Package pgfplots Warning: running in backwards compatibility mode (unsuitable t
ick labels; missing features). Consider writing \pgfplotsset{compat=1.18} into 
your preamble.
 on input line 45.

(./02-Unconfoundedness.nav)
LaTeX Font Info:    Font shape `OT1/Roboto-LF/l/n' aliased to
(Font)              `OT1/Roboto-LF/light/n' on input line 45.
LaTeX Font Info:    Font shape `OT1/Roboto-LF/light/n' will be
(Font)              scaled to size 6.0pt on input line 45.
<./lecture_includes/torino_ai.png, id=65, 1798.72pt x 1027.84pt>
File: ./lecture_includes/torino_ai.png Graphic file (type png)
<use ./lecture_includes/torino_ai.png>
Package pdftex.def Info: ./lecture_includes/torino_ai.png  used on input line 4
7.
(pdftex.def)             Requested size: 364.18391pt x 208.10509pt.
 [1

 <./lecture_includes/torino_ai.png>]
(./02-Unconfoundedness.toc)
LaTeX Font Info:    Font shape `OT1/Roboto-LF/l/n' aliased to
(Font)              `OT1/Roboto-LF/light/n' on input line 53.
LaTeX Font Info:    Font shape `OT1/Roboto-LF/light/n' will be
(Font)              scaled to size 14.4pt on input line 53.
LaTeX Font Info:    Font shape `OT1/Roboto-LF/l/n' aliased to
(Font)              `OT1/Roboto-LF/light/n' on input line 53.
LaTeX Font Info:    Font shape `OT1/Roboto-LF/light/n' will be
(Font)              scaled to size 4.0pt on input line 53.
 [2

{/usr/local/texlive/2023/texmf-var/fonts/map/pdftex/updmap/pdftex.map}{/usr/loc
al/texlive/2023/texmf-dist/fonts/enc/dvips/roboto/rbto_schjax.enc}]
LaTeX Font Info:    Font shape `OT1/Roboto-LF/l/n' aliased to
(Font)              `OT1/Roboto-LF/light/n' on input line 65.
LaTeX Font Info:    Font shape `OT1/Roboto-LF/light/n' will be
(Font)              scaled to size 10.0pt on input line 65.

(/usr/local/texlive/2023/texmf-dist/tex/latex/microtype/mt-cmr.cfg
File: mt-cmr.cfg 2013/05/19 v2.2 microtype config. file: Computer Modern Roman 
(RS)
)
(/usr/local/texlive/2023/texmf-dist/tex/latex/microtype/mt-msa.cfg
File: mt-msa.cfg 2006/02/04 v1.1 microtype config. file: AMS symbols (a) (RS)
)
(/usr/local/texlive/2023/texmf-dist/tex/latex/microtype/mt-msb.cfg
File: mt-msb.cfg 2005/06/01 v1.0 microtype config. file: AMS symbols (b) (RS)
) [3

]
[4

]
<./lecture_includes/pearl_ipa.jpg, id=119, 3035.34pt x 4047.12pt>
File: ./lecture_includes/pearl_ipa.jpg Graphic file (type jpg)
<use ./lecture_includes/pearl_ipa.jpg>
Package pdftex.def Info: ./lecture_includes/pearl_ipa.jpg  used on input line 8
6.
(pdftex.def)             Requested size: 151.7759pt x 202.36786pt.
 [5

 <./lecture_includes/pearl_ipa.jpg>] [6

] [7

]
LaTeX Font Info:    Font shape `OT1/Roboto-LF/l/it' aliased to
(Font)              `OT1/Roboto-LF/light/it' on input line 121.
LaTeX Font Info:    Font shape `OT1/Roboto-LF/light/it' will be
(Font)              scaled to size 10.95pt on input line 121.
 [8

] [9

]
LaTeX Font Info:    Font shape `OT1/Roboto-LF/b/n' aliased to
(Font)              `OT1/Roboto-LF/bold/n' on input line 165.
LaTeX Font Info:    Font shape `OT1/Roboto-LF/bold/n' will be
(Font)              scaled to size 10.95pt on input line 165.
 [10

] [11

] [12

]
[13

] [14

] [15

] [16

] [17

] [18

] [19

]
LaTeX Font Info:    Font shape `OT1/Roboto-LF/l/n' aliased to
(Font)              `OT1/Roboto-LF/light/n' on input line 357.
LaTeX Font Info:    Font shape `OT1/Roboto-LF/light/n' will be
(Font)              scaled to size 12.0pt on input line 357.
 [20

] [21

] [22

] [23

]
LaTeX Font Info:    Font shape `OT1/Roboto-LF/b/n' aliased to
(Font)              `OT1/Roboto-LF/bold/n' on input line 493.
LaTeX Font Info:    Font shape `OT1/Roboto-LF/bold/n' will be
(Font)              scaled to size 10.0pt on input line 493.
 [24

] [25

] [26

]
<./lecture_includes/beauty_collider.pdf, id=259, 397.485pt x 289.08pt>
File: ./lecture_includes/beauty_collider.pdf Graphic file (type pdf)
<use ./lecture_includes/beauty_collider.pdf>
Package pdftex.def Info: ./lecture_includes/beauty_collider.pdf  used on input 
line 538.
(pdftex.def)             Requested size: 352.12294pt x 256.0748pt.
LaTeX Font Info:    Font shape `OT1/Roboto-LF/l/it' aliased to
(Font)              `OT1/Roboto-LF/light/it' on input line 538.
LaTeX Font Info:    Font shape `OT1/Roboto-LF/light/it' will be
(Font)              scaled to size 10.0pt on input line 538.
 [27

 <./lecture_includes/beauty_collider.pdf>] [28

] [29

] [30

] [31

]
LaTeX Font Info:    Font shape `OT1/Roboto-LF/l/n' aliased to
(Font)              `OT1/Roboto-LF/light/n' on input line 661.
LaTeX Font Info:    Font shape `OT1/Roboto-LF/light/n' will be
(Font)              scaled to size 8.0pt on input line 661.
LaTeX Font Info:    Font shape `OT1/Roboto-LF/b/n' aliased to
(Font)              `OT1/Roboto-LF/bold/n' on input line 661.
LaTeX Font Info:    Font shape `OT1/Roboto-LF/bold/n' will be
(Font)              scaled to size 8.0pt on input line 661.
 [32

] [33

] [34


]
[35

] [36

]
<./lecture_includes/paul_dml.png, id=334, 1298.8525pt x 1028.34187pt>
File: ./lecture_includes/paul_dml.png Graphic file (type png)
<use ./lecture_includes/paul_dml.png>
Package pdftex.def Info: ./lecture_includes/paul_dml.png  used on input line 82
0.
(pdftex.def)             Requested size: 324.71233pt x 257.08484pt.
 [37

 <./lecture_includes/paul_dml.png>] [38

] [39

]
(./02-Unconfoundedness.toc) [40

] [41

] [42

] [43

] [44

] [45

] [46

] [47

] [48

]
[49

]
Overfull \vbox (4.01929pt too high) detected at line 1011
 []

[50

] [51

] [52

]
Underfull \vbox (badness 10000) has occurred while \output is active []

 [53

]
[54] [55

] (./02-Unconfoundedness.toc) [56

] [57

] [58

]
<./lecture_includes/titanic.png, id=499, 1284.8pt x 1915.155pt>
File: ./lecture_includes/titanic.png Graphic file (type png)
<use ./lecture_includes/titanic.png>
Package pdftex.def Info: ./lecture_includes/titanic.png  used on input line 112
4.
(pdftex.def)             Requested size: 334.19536pt x 498.16234pt.

Overfull \vbox (303.14958pt too high) detected at line 1124
 []

[59

 <./lecture_includes/titanic.png>] [60

] [61

] [62

] [63

]
LaTeX Font Info:    Font shape `OT1/Roboto-LF/b/n' aliased to
(Font)              `OT1/Roboto-LF/bold/n' on input line 1263.
LaTeX Font Info:    Font shape `OT1/Roboto-LF/bold/n' will be
(Font)              scaled to size 6.0pt on input line 1263.
 [64

] [65

] [66

]
[67

]
LaTeX Font Info:    Font shape `OT1/Roboto-LF/l/n' aliased to
(Font)              `OT1/Roboto-LF/light/n' on input line 1356.
LaTeX Font Info:    Font shape `OT1/Roboto-LF/light/n' will be
(Font)              scaled to size 5.0pt on input line 1356.
LaTeX Font Info:    Font shape `OT1/Roboto-LF/l/it' aliased to
(Font)              `OT1/Roboto-LF/light/it' on input line 1356.
LaTeX Font Info:    Font shape `OT1/Roboto-LF/light/it' will be
(Font)              scaled to size 6.0pt on input line 1356.
 [68

] [69

] [70

] [71

]
<./lecture_includes/matching_nosupport.png, id=589, 1027.84pt x 1027.84pt>
File: ./lecture_includes/matching_nosupport.png Graphic file (type png)
<use ./lecture_includes/matching_nosupport.png>
Package pdftex.def Info: ./lecture_includes/matching_nosupport.png  used on inp
ut line 1400.
(pdftex.def)             Requested size: 174.73048pt x 174.73048pt.
 [72

 <./lecture_includes/matching_nosupport.png>]
<./lecture_includes/identical_twins.jpg, id=597, 147.4308pt x 98.2872pt>
File: ./lecture_includes/identical_twins.jpg Graphic file (type jpg)
<use ./lecture_includes/identical_twins.jpg>
Package pdftex.def Info: ./lecture_includes/identical_twins.jpg  used on input 
line 1412.
(pdftex.def)             Requested size: 162.17438pt x 108.11623pt.

[73

 <./lecture_includes/identical_twins.jpg>] [74

]
LaTeX Font Info:    Trying to load font information for TS1+Roboto-LF on input 
line 1478.

(/usr/local/texlive/2023/texmf-dist/tex/latex/roboto/TS1Roboto-LF.fd
File: TS1Roboto-LF.fd 2019/12/11 (autoinst) Font definitions for TS1/Roboto-LF.

)
LaTeX Font Info:    Font shape `TS1/Roboto-LF/l/n' aliased to
(Font)              `TS1/Roboto-LF/light/n' on input line 1478.
LaTeX Font Info:    Font shape `TS1/Roboto-LF/light/n' will be
(Font)              scaled to size 6.0pt on input line 1478.
Package microtype Info: Loading generic protrusion settings for font family
(microtype)             `Roboto-LF' (encoding: TS1).
(microtype)             For optimal results, create family-specific settings.
(microtype)             See the microtype manual for details.
 [75

{/usr/local/texlive/2023/texmf-dist/fonts/enc/dvips/roboto/rbto_ocbbsb.enc}]
<./lecture_includes/trainees.jpg, id=621, 3209.9925pt x 2334.7225pt>
File: ./lecture_includes/trainees.jpg Graphic file (type jpg)
<use ./lecture_includes/trainees.jpg>
Package pdftex.def Info: ./lecture_includes/trainees.jpg  used on input line 14
88.
(pdftex.def)             Requested size: 240.73904pt x 175.09663pt.
 [76

 <./lecture_includes/trainees.jpg>]
<./lecture_includes/nontrainees.jpg, id=628, 3209.9925pt x 2334.7225pt>
File: ./lecture_includes/nontrainees.jpg Graphic file (type jpg)
<use ./lecture_includes/nontrainees.jpg>
Package pdftex.def Info: ./lecture_includes/nontrainees.jpg  used on input line
 1496.
(pdftex.def)             Requested size: 240.73904pt x 175.09663pt.
 [77

 <./lecture_includes/nontrainees.jpg>]
[78

] [79

] [80

] [81

]
LaTeX Font Info:    Font shape `TS1/Roboto-LF/l/n' aliased to
(Font)              `TS1/Roboto-LF/light/n' on input line 1586.
LaTeX Font Info:    Font shape `TS1/Roboto-LF/light/n' will be
(Font)              scaled to size 10.0pt on input line 1586.
LaTeX Font Info:    Font shape `OT1/Roboto-LF/l/n' aliased to
(Font)              `OT1/Roboto-LF/light/n' on input line 1586.
LaTeX Font Info:    Font shape `OT1/Roboto-LF/light/n' will be
(Font)              scaled to size 9.0pt on input line 1586.

Overfull \vbox (20.58572pt too high) detected at line 1586
 []

[82

] [83

]
<./lecture_includes/fraternal_twins.jpeg, id=679, 205.76875pt x 246.9225pt>
File: ./lecture_includes/fraternal_twins.jpeg Graphic file (type jpg)
<use ./lecture_includes/fraternal_twins.jpeg>
Package pdftex.def Info: ./lecture_includes/fraternal_twins.jpeg  used on input
 line 1613.
(pdftex.def)             Requested size: 154.32617pt x 185.1914pt.
 [84

 <./lecture_includes/fraternal_twins.jpeg>] [85

] [86

] [87

]
[88

]
Overfull \vbox (3.68452pt too high) detected at line 1688
 []

[89

]
Overfull \vbox (3.68452pt too high) detected at line 1688
 []

[90

] [91

] [92

]
Package microtype Info: Loading generic protrusion settings for font family
(microtype)             `cmtt' (encoding: OT1).
(microtype)             For optimal results, create family-specific settings.
(microtype)             See the microtype manual for details.
 [93

]
<./lecture_includes/inexact_random1.png, id=746, 555.07375pt x 502.87875pt>
File: ./lecture_includes/inexact_random1.png Graphic file (type png)
<use ./lecture_includes/inexact_random1.png>
Package pdftex.def Info: ./lecture_includes/inexact_random1.png  used on input 
line 1769.
(pdftex.def)             Requested size: 249.78087pt x 226.29333pt.
 [94

 <./lecture_includes/inexact_random1.png>]
<./lecture_includes/inexact_random2.png, id=754, 575.65062pt x 507.8975pt>
File: ./lecture_includes/inexact_random2.png Graphic file (type png)
<use ./lecture_includes/inexact_random2.png>
Package pdftex.def Info: ./lecture_includes/inexact_random2.png  used on input 
line 1778.
(pdftex.def)             Requested size: 259.04039pt x 228.55176pt.
 [95

 <./lecture_includes/inexact_random2.png>] [96

]
<./lecture_includes/optimal_matches.png, id=768, 900.86563pt x 693.08937pt>
File: ./lecture_includes/optimal_matches.png Graphic file (type png)
<use ./lecture_includes/optimal_matches.png>
Package pdftex.def Info: ./lecture_includes/optimal_matches.png  used on input 
line 1798.
(pdftex.def)             Requested size: 315.3077pt x 242.58492pt.

Overfull \vbox (15.12122pt too high) detected at line 1798
 []

[97

 <./lecture_includes/optimal_matches.png>]
<./lecture_includes/inexact_euclidean.png, id=777, 572.63937pt x 507.39563pt>
File: ./lecture_includes/inexact_euclidean.png Graphic file (type png)
<use ./lecture_includes/inexact_euclidean.png>
Package pdftex.def Info: ./lecture_includes/inexact_euclidean.png  used on inpu
t line 1809.
(pdftex.def)             Requested size: 257.68533pt x 228.32593pt.
 [98

 <./lecture_includes/inexact_euclidean.png>] [99

] [100

] [101

] [102

] [103

] [104

] [105

]
Overfull \vbox (11.0599pt too high) detected at line 1910
 []

[106

] [107

] [108

] [109

] [110

] [111

] [112

] [113

] [114

] [115

] [116

] [117

]
[118

] [119

] [120

]

Class beamer Warning: Frame text is shrunk by a factor of 4.82788 percent inste
ad of 0 percent on input line 2038.

[121

]

Class beamer Warning: Frame text is shrunk by a factor of 4.82788 percent inste
ad of 0 percent on input line 2038.

[122

]

Class beamer Warning: Frame text is shrunk by a factor of 16.97693 percent inst
ead of 0 percent on input line 2038.

[123

] [124

] [125

] [126

] [127

] [128

] [129

]
<./lecture_includes/age_histogram.png, id=978, 1200.485pt x 873.2625pt>
File: ./lecture_includes/age_histogram.png Graphic file (type png)
<use ./lecture_includes/age_histogram.png>
Package pdftex.def Info: ./lecture_includes/age_histogram.png  used on input li
ne 2132.
(pdftex.def)             Requested size: 300.12051pt x 218.31508pt.
 [130

 <./lecture_includes/age_histogram.png>]
<./lecture_includes/gpa_histogram.png, id=985, 1200.485pt x 873.2625pt>
File: ./lecture_includes/gpa_histogram.png Graphic file (type png)
<use ./lecture_includes/gpa_histogram.png>
Package pdftex.def Info: ./lecture_includes/gpa_histogram.png  used on input li
ne 2140.
(pdftex.def)             Requested size: 300.12051pt x 218.31508pt.
 [131

 <./lecture_includes/gpa_histogram.png>]
<./lecture_includes/pscore_histogram.png, id=992, 1200.485pt x 873.2625pt>
File: ./lecture_includes/pscore_histogram.png Graphic file (type png)
<use ./lecture_includes/pscore_histogram.png>
Package pdftex.def Info: ./lecture_includes/pscore_histogram.png  used on input
 line 2148.
(pdftex.def)             Requested size: 300.12051pt x 218.31508pt.
 [132

 <./lecture_includes/pscore_histogram.png>] [133

] [134

] [135

] [136

] [137

] [138

] [139

] [140

] [141

]
[142

] [143

] [144

] [145

] [146

] [147

] [148

] [149

] [150

]
<./lecture_includes/pscore_overlap.jpg, id=1111, 3011.25pt x 1806.75pt>
File: ./lecture_includes/pscore_overlap.jpg Graphic file (type jpg)
<use ./lecture_includes/pscore_overlap.jpg>
Package pdftex.def Info: ./lecture_includes/pscore_overlap.jpg  used on input l
ine 2396.
(pdftex.def)             Requested size: 361.33441pt x 216.80064pt.

Overfull \hbox (27.13905pt too wide) in paragraph at lines 2396--2396
 [] 
 []


Overfull \vbox (5.6569pt too high) detected at line 2396
 []

[151

 <./lecture_includes/pscore_overlap.jpg>] [152

] [153

]
Overfull \hbox (1.26659pt too wide) in alignment at lines 2440--2440
 [][][] []
 []

[154

] [155

] [156

] [157

] [158

] [159

] [160

] [161

] [162

] [163

] [164

] [165

]
[166

] [167

] [168

] [169

] [170

] [171

] [172

] [173

] [174

] [175

] [176

] [177

]
[178

] [179

] [180

] [181

] [182

] [183

] [184

]
LaTeX Font Info:    Font shape `TS1/Roboto-LF/l/n' aliased to
(Font)              `TS1/Roboto-LF/light/n' on input line 2866.
LaTeX Font Info:    Font shape `TS1/Roboto-LF/light/n' will be
(Font)              scaled to size 10.95pt on input line 2866.
 [185

] [186

] [187

] [188

] [189

]
[190

] [191

]
<./lecture_includes/lalonde_table5a.png, id=1371, 412.4208pt x 311.2428pt>
File: ./lecture_includes/lalonde_table5a.png Graphic file (type png)
<use ./lecture_includes/lalonde_table5a.png>
Package pdftex.def Info: ./lecture_includes/lalonde_table5a.png  used on input 
line 2952.
(pdftex.def)             Requested size: 361.9623pt x 273.16313pt.
 [192

 <./lecture_includes/lalonde_table5a.png>] [193

]
<./lecture_includes/lalonde_table5b.png, id=1386, 412.4208pt x 311.2428pt>
File: ./lecture_includes/lalonde_table5b.png Graphic file (type png)
<use ./lecture_includes/lalonde_table5b.png>
Package pdftex.def Info: ./lecture_includes/lalonde_table5b.png  used on input 
line 2967.
(pdftex.def)             Requested size: 361.9623pt x 273.16313pt.
 [194

 <./lecture_includes/lalonde_table5b.png>] [195

] [196

]
<./lecture_includes/dw_1.pdf, id=1407, 535.4181pt x 385.73009pt>
File: ./lecture_includes/dw_1.pdf Graphic file (type pdf)
<use ./lecture_includes/dw_1.pdf>
Package pdftex.def Info: ./lecture_includes/dw_1.pdf  used on input line 3031.
(pdftex.def)             Requested size: 267.70839pt x 192.86456pt.
 [197

 <./lecture_includes/dw_1.pdf>]
<./lecture_includes/dw_2.pdf, id=1430, 726.23218pt x 316.55885pt>
File: ./lecture_includes/dw_2.pdf Graphic file (type pdf)
<use ./lecture_includes/dw_2.pdf>
Package pdftex.def Info: ./lecture_includes/dw_2.pdf  used on input line 3033.
(pdftex.def)             Requested size: 364.20117pt x 158.7524pt.
 [198

 <./lecture_includes/dw_2.pdf>] [199

]
<./lecture_includes/dw_3.pdf, id=1461, 532.248pt x 179.88579pt>
File: ./lecture_includes/dw_3.pdf Graphic file (type pdf)
<use ./lecture_includes/dw_3.pdf>
Package pdftex.def Info: ./lecture_includes/dw_3.pdf  used on input line 3049.
(pdftex.def)             Requested size: 364.2141pt x 123.09474pt.
 [200

 <./lecture_includes/dw_3.pdf>]
<./lecture_includes/dw_4.pdf, id=1484, 536.22716pt x 185.94308pt>
File: ./lecture_includes/dw_4.pdf Graphic file (type pdf)
<use ./lecture_includes/dw_4.pdf>
Package pdftex.def Info: ./lecture_includes/dw_4.pdf  used on input line 3050.
(pdftex.def)             Requested size: 364.19598pt x 126.28923pt.
[201

 <./lecture_includes/dw_4.pdf>]
<./lecture_includes/dw_5.pdf, id=1507, 544.42538pt x 317.57654pt>
File: ./lecture_includes/dw_5.pdf Graphic file (type pdf)
<use ./lecture_includes/dw_5.pdf>
Package pdftex.def Info: ./lecture_includes/dw_5.pdf  used on input line 3051.
(pdftex.def)             Requested size: 364.20651pt x 212.45049pt.
 [202

 <./lecture_includes/dw_5.pdf>]
<./lecture_includes/dw_6.pdf, id=1530, 542.33304pt x 203.05435pt>
File: ./lecture_includes/dw_6.pdf Graphic file (type pdf)
<use ./lecture_includes/dw_6.pdf>
Package pdftex.def Info: ./lecture_includes/dw_6.pdf  used on input line 3052.
(pdftex.def)             Requested size: 364.20532pt x 136.36172pt.

[203

 <./lecture_includes/dw_6.pdf>] [204


] [205

] [206

] [207

]
<./lecture_includes/ols_code.png, id=1580, 750.30313pt x 539.51563pt>
File: ./lecture_includes/ols_code.png Graphic file (type png)
<use ./lecture_includes/ols_code.png>
Package pdftex.def Info: ./lecture_includes/ols_code.png  used on input line 31
27.
(pdftex.def)             Requested size: 300.11594pt x 215.80241pt.
 [208

 <./lecture_includes/ols_code.png>]
<./lecture_includes/ols_line.png, id=1587, 803.0pt x 537.50812pt>
File: ./lecture_includes/ols_line.png Graphic file (type png)
<use ./lecture_includes/ols_line.png>
Package pdftex.def Info: ./lecture_includes/ols_line.png  used on input line 31
35.
(pdftex.def)             Requested size: 321.1943pt x 214.99944pt.
 [209

 <./lecture_includes/ols_line.png>] [210

] [211

]
[212

] [213

]
Overfull \vbox (15.1299pt too high) detected at line 3202
 []

[214

] [215

] [216

] [217

] [218

] [219

] [220

] [221

]
LaTeX Font Info:    Font shape `OT1/Roboto-LF/b/it' aliased to
(Font)              `OT1/Roboto-LF/bold/it' on input line 3308.
LaTeX Font Info:    Font shape `OT1/Roboto-LF/bold/it' will be
(Font)              scaled to size 10.95pt on input line 3308.
 [222

{/usr/local/texlive/2023/texmf-dist/fonts/enc/dvips/roboto/rbto_h6xohf.enc}] [2
23

] [224

] [225

]
<./lecture_includes/regression_fnform.png, id=1695, 1027.84pt x 1027.84pt>
File: ./lecture_includes/regression_fnform.png Graphic file (type png)
<use ./lecture_includes/regression_fnform.png>
Package pdftex.def Info: ./lecture_includes/regression_fnform.png  used on inpu
t line 3348.
(pdftex.def)             Requested size: 143.89662pt x 143.89662pt.
 [226

 <./lecture_includes/regression_fnform.png>] [227

] [228

] [229

] [230

]
<./lecture_includes/stata_matching_code.png, id=1729, 881.79437pt x 821.0675pt>

File: ./lecture_includes/stata_matching_code.png Graphic file (type png)
<use ./lecture_includes/stata_matching_code.png>
Package pdftex.def Info: ./lecture_includes/stata_matching_code.png  used on in
put line 3420.
(pdftex.def)             Requested size: 238.08766pt x 221.6912pt.
 [231

 <./lecture_includes/stata_matching_code.png>] [232

]
<./lecture_includes/stata_reg_constant.png, id=1744, 787.44188pt x 280.54813pt>

File: ./lecture_includes/stata_reg_constant.png Graphic file (type png)
<use ./lecture_includes/stata_reg_constant.png>
Package pdftex.def Info: ./lecture_includes/stata_reg_constant.png  used on inp
ut line 3442.
(pdftex.def)             Requested size: 354.34557pt x 126.24548pt.

Overfull \hbox (20.1502pt too wide) in paragraph at lines 3442--3442
 [] 
 []

[233

 <./lecture_includes/stata_reg_constant.png>]
<./lecture_includes/combined_kernels.jpg, id=1752, 3011.25pt x 1806.75pt>
File: ./lecture_includes/combined_kernels.jpg Graphic file (type jpg)
<use ./lecture_includes/combined_kernels.jpg>
Package pdftex.def Info: ./lecture_includes/combined_kernels.jpg  used on input
 line 3451.
(pdftex.def)             Requested size: 301.14264pt x 180.68558pt.
 [234

 <./lecture_includes/combined_kernels.jpg>] [235

] [236

]
Overfull \vbox (15.45966pt too high) detected at line 3512
 []

[237

] [238

]
<./lecture_includes/saturated_reg3.png, id=1784, 814.04124pt x 727.71875pt>
File: ./lecture_includes/saturated_reg3.png Graphic file (type png)
<use ./lecture_includes/saturated_reg3.png>
Package pdftex.def Info: ./lecture_includes/saturated_reg3.png  used on input l
ine 3543.
(pdftex.def)             Requested size: 244.21425pt x 218.3173pt.
 [239

 <./lecture_includes/saturated_reg3.png>]
<./lecture_includes/combined_saturated1.jpg, id=1792, 3011.25pt x 1806.75pt>
File: ./lecture_includes/combined_saturated1.jpg Graphic file (type jpg)
<use ./lecture_includes/combined_saturated1.jpg>
Package pdftex.def Info: ./lecture_includes/combined_saturated1.jpg  used on in
put line 3552.
(pdftex.def)             Requested size: 301.14264pt x 180.68558pt.
 [240

 <./lecture_includes/combined_saturated1.jpg>]
<./lecture_includes/stata_full_code.png, id=1799, 460.21938pt x 816.55063pt>
File: ./lecture_includes/stata_full_code.png Graphic file (type png)
<use ./lecture_includes/stata_full_code.png>
Package pdftex.def Info: ./lecture_includes/stata_full_code.png  used on input 
line 3560.
(pdftex.def)             Requested size: 119.6542pt x 212.29816pt.
 [241

 <./lecture_includes/stata_full_code.png>]
<./lecture_includes/combined_saturated2.jpg, id=1808, 3011.25pt x 1806.75pt>
File: ./lecture_includes/combined_saturated2.jpg Graphic file (type jpg)
<use ./lecture_includes/combined_saturated2.jpg>
Package pdftex.def Info: ./lecture_includes/combined_saturated2.jpg  used on in
put line 3568.
(pdftex.def)             Requested size: 301.14264pt x 180.68558pt.

[242

 <./lecture_includes/combined_saturated2.jpg>] [243

] [244

] [245

]
<./lecture_includes/combined_kernels_maha.jpg, id=1833, 3011.25pt x 1806.75pt>
File: ./lecture_includes/combined_kernels_maha.jpg Graphic file (type jpg)
<use ./lecture_includes/combined_kernels_maha.jpg>
Package pdftex.def Info: ./lecture_includes/combined_kernels_maha.jpg  used on 
input line 3610.
(pdftex.def)             Requested size: 301.14264pt x 180.68558pt.
 [246

 <./lecture_includes/combined_kernels_maha.jpg>] [247

]
<./lecture_includes/regression_linearity.png, id=1848, 1027.84pt x 1027.84pt>
File: ./lecture_includes/regression_linearity.png Graphic file (type png)
<use ./lecture_includes/regression_linearity.png>
Package pdftex.def Info: ./lecture_includes/regression_linearity.png  used on i
nput line 3633.
(pdftex.def)             Requested size: 174.73048pt x 174.73048pt.
 [248

 <./lecture_includes/regression_linearity.png>] [249

]
<./lecture_includes/nonlinear_code.png, id=1862, 1201.48875pt x 1073.51062pt>
File: ./lecture_includes/nonlinear_code.png Graphic file (type png)
<use ./lecture_includes/nonlinear_code.png>
Package pdftex.def Info: ./lecture_includes/nonlinear_code.png  used on input l
ine 3658.
(pdftex.def)             Requested size: 252.32008pt x 225.44388pt.
 [250

 <./lecture_includes/nonlinear_code.png>]
<./lecture_includes/nonlinear_ra.png, id=1870, 929.97438pt x 1061.46562pt>
File: ./lecture_includes/nonlinear_ra.png Graphic file (type png)
<use ./lecture_includes/nonlinear_ra.png>
Package pdftex.def Info: ./lecture_includes/nonlinear_ra.png  used on input lin
e 3666.
(pdftex.def)             Requested size: 195.30038pt x 222.91435pt.

[251

 <./lecture_includes/nonlinear_ra.png>]
<./lecture_includes/nonlinear_matching.png, id=1878, 1002.24437pt x 340.77313pt
>
File: ./lecture_includes/nonlinear_matching.png Graphic file (type png)
<use ./lecture_includes/nonlinear_matching.png>
Package pdftex.def Info: ./lecture_includes/nonlinear_matching.png  used on inp
ut line 3675.
(pdftex.def)             Requested size: 325.72556pt x 110.74995pt.
 [252

 <./lecture_includes/nonlinear_matching.png>]
<./lecture_includes/nonlinear_att.jpg, id=1886, 1983.41pt x 1190.4475pt>
File: ./lecture_includes/nonlinear_att.jpg Graphic file (type jpg)
<use ./lecture_includes/nonlinear_att.jpg>
Package pdftex.def Info: ./lecture_includes/nonlinear_att.jpg  used on input li
ne 3683.
(pdftex.def)             Requested size: 347.10196pt x 208.33144pt.

Overfull \hbox (12.9066pt too wide) in paragraph at lines 3683--3683
 [] 
 []

[253

 <./lecture_includes/nonlinear_att.jpg>] [254

] [255

] [256

] [257

] [258

]
[259

] [260

] [261

] [262

] [263

] [264

] [265

] [266

] [267

] [268

]
LaTeX Font Info:    Font shape `OT1/Roboto-LF/l/n' aliased to
(Font)              `OT1/Roboto-LF/light/n' on input line 3879.
LaTeX Font Info:    Font shape `OT1/Roboto-LF/light/n' will be
(Font)              scaled to size 7.0pt on input line 3879.
 [269

] [270

]
[271

]
<./lecture_includes/tymon_variance_weight.png, id=2006, 1358.07375pt x 815.045p
t>
File: ./lecture_includes/tymon_variance_weight.png Graphic file (type png)
<use ./lecture_includes/tymon_variance_weight.png>
Package pdftex.def Info: ./lecture_includes/tymon_variance_weight.png  used on 
input line 3908.
(pdftex.def)             Requested size: 267.3573pt x 160.44417pt.
 [272

 <./lecture_includes/tymon_variance_weight.png>] [273

] [274

] [275

]
[276

] [277

] [278

] [279

] [280

] [281

]
Overfull \vbox (41.89156pt too high) detected at line 4021
 []

[282

] [283

]
<./lecture_includes/tymon_weights_crossing.png, id=2081, 1358.07375pt x 815.045
pt>
File: ./lecture_includes/tymon_weights_crossing.png Graphic file (type png)
<use ./lecture_includes/tymon_weights_crossing.png>
Package pdftex.def Info: ./lecture_includes/tymon_weights_crossing.png  used on
 input line 4040.
(pdftex.def)             Requested size: 267.3573pt x 160.44417pt.
 [284

 <./lecture_includes/tymon_weights_crossing.png>]
<./lecture_includes/ols_ate.png, id=2088, 2400.97pt x 1746.525pt>
File: ./lecture_includes/ols_ate.png Graphic file (type png)
<use ./lecture_includes/ols_ate.png>
Package pdftex.def Info: ./lecture_includes/ols_ate.png  used on input line 404
8.
(pdftex.def)             Requested size: 267.3573pt x 194.46352pt.

Overfull \vbox (26.4897pt too high) detected at line 4048
 []

[285

 <./lecture_includes/ols_ate.png (PNG copy)>] [286

] [287

]
<./lecture_includes/ols_bias1.png, id=2109, 674.52pt x 261.47687pt>
File: ./lecture_includes/ols_bias1.png Graphic file (type png)
<use ./lecture_includes/ols_bias1.png>
Package pdftex.def Info: ./lecture_includes/ols_bias1.png  used on input line 4
077.
(pdftex.def)             Requested size: 267.3573pt x 103.6433pt.
 [288

 <./lecture_includes/ols_bias1.png>]
<./lecture_includes/ols_bias2.png, id=2117, 583.17876pt x 177.66376pt>
File: ./lecture_includes/ols_bias2.png Graphic file (type png)
<use ./lecture_includes/ols_bias2.png>
Package pdftex.def Info: ./lecture_includes/ols_bias2.png  used on input line 4
085.
(pdftex.def)             Requested size: 267.3573pt x 81.4525pt.
 [289

 <./lecture_includes/ols_bias2.png>]
<./lecture_includes/ols_bias3.png, id=2126, 676.5275pt x 376.40625pt>
File: ./lecture_includes/ols_bias3.png Graphic file (type png)
<use ./lecture_includes/ols_bias3.png>
Package pdftex.def Info: ./lecture_includes/ols_bias3.png  used on input line 4
092.
(pdftex.def)             Requested size: 267.3573pt x 148.75636pt.
 [290

 <./lecture_includes/ols_bias3.png>] [291

] [292

]
<./lecture_includes/tymon_lalonde_table1.png, id=2146, 1366.60562pt x 873.2625p
t>
File: ./lecture_includes/tymon_lalonde_table1.png Graphic file (type png)
<use ./lecture_includes/tymon_lalonde_table1.png>
Package pdftex.def Info: ./lecture_includes/tymon_lalonde_table1.png  used on i
nput line 4133.
(pdftex.def)             Requested size: 267.3573pt x 170.83849pt.
 [293

 <./lecture_includes/tymon_lalonde_table1.png>] [294

] [295

] [296

] [297

] [298

] [299

] (./02-Unconfoundedness.toc)
[300

] [301

] [302

] [303

] [304

] [305

] [306

]
LaTeX Font Info:    Font shape `OT1/Roboto-LF/l/it' aliased to
(Font)              `OT1/Roboto-LF/light/it' on input line 4321.
LaTeX Font Info:    Font shape `OT1/Roboto-LF/light/it' will be
(Font)              scaled to size 9.0pt on input line 4321.
 [307

] [308

] [309

] [310

]
\tf@nav=\write6
\openout6 = `02-Unconfoundedness.nav'.

\tf@toc=\write7
\openout7 = `02-Unconfoundedness.toc'.

\tf@snm=\write8
\openout8 = `02-Unconfoundedness.snm'.

 [311]
(./02-Unconfoundedness.aux)

LaTeX Font Warning: Some font shapes were not available, defaults substituted.


LaTeX Warning: Label(s) may have changed. Rerun to get cross-references right.


LaTeX Warning: Temporary extra page added at the end. Rerun to get it removed.


Package rerunfilecheck Warning: File `02-Unconfoundedness.out' has changed.
(rerunfilecheck)                Rerun to get outlines right
(rerunfilecheck)                or use package `bookmark'.

Package rerunfilecheck Info: Checksums for `02-Unconfoundedness.out':
(rerunfilecheck)             Before: 020182056925F3B8F6419032710EBE6C;2045
(rerunfilecheck)             After:  228F73C9BDE76D62195DBC7F870C6AB7;2045.
 ) 
Here is how much of TeX's memory you used:
 50793 strings out of 476025
 1162734 string characters out of 5790017
 1873388 words of memory out of 5000000
 69337 multiletter control sequences out of 15000+600000
 569256 words of font info for 227 fonts, out of 8000000 for 9000
 1141 hyphenation exceptions out of 8191
 128i,15n,122p,1016b,1006s stack positions out of 10000i,1000n,20000p,200000b,200000s

pdfTeX warning (dest): name{Outline0.3.4.208} has been referenced but does not 
exist, replaced by a fixed one


pdfTeX warning (dest): name{Outline0.3.3.128} has been referenced but does not 
exist, replaced by a fixed one


pdfTeX warning (dest): name{Outline0.3.2.74} has been referenced but does not e
xist, replaced by a fixed one


pdfTeX warning (dest): name{Outline0.3.1.58} has been referenced but does not e
xist, replaced by a fixed one


pdfTeX warning (dest): name{Outline0.2.2.44} has been referenced but does not e
xist, replaced by a fixed one


pdfTeX warning (dest): name{Outline0.2.1.43} has been referenced but does not e
xist, replaced by a fixed one

</usr/local/texlive/2023/texmf-dist/fonts/type1/google/roboto/Roboto-Bold.pfb><
/usr/local/texlive/2023/texmf-dist/fonts/type1/google/roboto/Roboto-BoldItalic.
pfb></usr/local/texlive/2023/texmf-dist/fonts/type1/google/roboto/Roboto-Light.
pfb></usr/local/texlive/2023/texmf-dist/fonts/type1/google/roboto/Roboto-LightI
talic.pfb></usr/local/texlive/2023/texmf-dist/fonts/type1/public/amsfonts/cm/cm
ex10.pfb></usr/local/texlive/2023/texmf-dist/fonts/type1/public/amsfonts/cmextr
a/cmex7.pfb></usr/local/texlive/2023/texmf-dist/fonts/type1/public/amsfonts/cme
xtra/cmex9.pfb></usr/local/texlive/2023/texmf-dist/fonts/type1/public/amsfonts/
cm/cmmi10.pfb></usr/local/texlive/2023/texmf-dist/fonts/type1/public/amsfonts/c
m/cmmi12.pfb></usr/local/texlive/2023/texmf-dist/fonts/type1/public/amsfonts/cm
/cmmi5.pfb></usr/local/texlive/2023/texmf-dist/fonts/type1/public/amsfonts/cm/c
mmi6.pfb></usr/local/texlive/2023/texmf-dist/fonts/type1/public/amsfonts/cm/cmm
i7.pfb></usr/local/texlive/2023/texmf-dist/fonts/type1/public/amsfonts/cm/cmmi8
.pfb></usr/local/texlive/2023/texmf-dist/fonts/type1/public/amsfonts/cm/cmmi9.p
fb></usr/local/texlive/2023/texmf-dist/fonts/type1/public/amsfonts/cm/cmr10.pfb
></usr/local/texlive/2023/texmf-dist/fonts/type1/public/amsfonts/cm/cmr5.pfb></
usr/local/texlive/2023/texmf-dist/fonts/type1/public/amsfonts/cm/cmr6.pfb></usr
/local/texlive/2023/texmf-dist/fonts/type1/public/amsfonts/cm/cmr7.pfb></usr/lo
cal/texlive/2023/texmf-dist/fonts/type1/public/amsfonts/cm/cmr8.pfb></usr/local
/texlive/2023/texmf-dist/fonts/type1/public/amsfonts/cm/cmr9.pfb></usr/local/te
xlive/2023/texmf-dist/fonts/type1/public/amsfonts/cm/cmsy10.pfb></usr/local/tex
live/2023/texmf-dist/fonts/type1/public/amsfonts/cm/cmsy6.pfb></usr/local/texli
ve/2023/texmf-dist/fonts/type1/public/amsfonts/cm/cmsy8.pfb></usr/local/texlive
/2023/texmf-dist/fonts/type1/public/amsfonts/cm/cmsy9.pfb></usr/local/texlive/2
023/texmf-dist/fonts/type1/public/amsfonts/cm/cmtt10.pfb></usr/local/texlive/20
23/texmf-dist/fonts/type1/public/amsfonts/symbols/msbm10.pfb>
Output written on 02-Unconfoundedness.pdf (311 pages, 26347130 bytes).
PDF statistics:
 2533 PDF objects out of 2984 (max. 8388607)
 2042 compressed objects within 21 object streams
 648 named destinations out of 1000 (max. 500000)
 68488 words of extra memory for PDF output out of 74296 (max. 10000000)

